This is XeTeX, Version 3.141592653-2.6-0.999996 (MiKTeX 24.3.31) (preloaded format=xelatex 2024.5.23)  27 MAY 2024 17:18
entering extended mode
 restricted \write18 enabled.
 file:line:error style messages enabled.
 %&-line parsing enabled.
**e:/Banana/MasterThesis/project/paper/latex/main.tex
(e:/Banana/MasterThesis/project/paper/latex/main.tex
LaTeX2e <2023-11-01> patch level 1
L3 programming layer <2024-03-14>
(NCU_thesis.cls
Document Class: NCU_thesis 2018/01/18 by sppmg
(thesis_base.cls
Document Class: thesis_base 2019/04/07 by sppmg
(C:\Users\Lin\AppData\Local\Programs\MiKTeX\tex/generic/iftex\iftex.sty
Package: iftex 2022/02/03 v1.0f TeX engine tests
) (C:\Users\Lin\AppData\Local\Programs\MiKTeX\tex/latex/base\ifthen.sty
Package: ifthen 2022/04/13 v1.1d Standard LaTeX ifthen package (DPC)
) (C:\Users\Lin\AppData\Local\Programs\MiKTeX\tex/latex/etoolbox\etoolbox.sty
Package: etoolbox 2020/10/05 v2.5k e-TeX tools for LaTeX (JAW)
\etb@tempcnta=\count184
) (C:\Users\Lin\AppData\Local\Programs\MiKTeX\tex/latex/ifplatform\ifplatform.sty
Package: ifplatform 2017/10/13 v0.4a Testing for the operating system
 (C:\Users\Lin\AppData\Local\Programs\MiKTeX\tex/latex/tools\shellesc.sty
Package: shellesc 2023/07/08 v1.0d unified shell escape interface for LaTeX
Package shellesc Info: Restricted shell escape enabled on input line 77.
) (C:\Users\Lin\AppData\Local\Programs\MiKTeX\tex/generic/pdftexcmds\pdftexcmds.sty
Package: pdftexcmds 2020-06-27 v0.33 Utility functions of pdfTeX for LuaTeX (HO)
 (C:\Users\Lin\AppData\Local\Programs\MiKTeX\tex/generic/infwarerr\infwarerr.sty
Package: infwarerr 2019/12/03 v1.5 Providing info/warning/error messages (HO)
) (C:\Users\Lin\AppData\Local\Programs\MiKTeX\tex/generic/ltxcmds\ltxcmds.sty
Package: ltxcmds 2023-12-04 v1.26 LaTeX kernel commands for general use (HO)
)
Package pdftexcmds Info: \pdf@primitive is available.
Package pdftexcmds Info: \pdf@ifprimitive is available.
Package pdftexcmds Info: \pdfdraftmode not found.
) (C:\Users\Lin\AppData\Local\Programs\MiKTeX\tex/generic/catchfile\catchfile.sty
Package: catchfile 2019/12/09 v1.8 Catch the contents of a file (HO)
 (C:\Users\Lin\AppData\Local\Programs\MiKTeX\tex/generic/etexcmds\etexcmds.sty
Package: etexcmds 2019/12/15 v1.7 Avoid name clashes with e-TeX commands (HO)
)) (C:\Users\Lin\AppData\Local\Programs\MiKTeX\tex/generic/iftex\ifluatex.sty
Package: ifluatex 2019/10/25 v1.5 ifluatex legacy package. Use iftex instead.
)

Package ifplatform Warning: 
    shell escape is disabled, so I can only detect \ifwindows.

) (C:\Users\Lin\AppData\Local\Programs\MiKTeX\tex/latex/l3packages/xparse\xparse.sty (C:\Users\Lin\AppData\Local\Programs\MiKTeX\tex/latex/l3kernel\expl3.sty
Package: expl3 2024-03-14 L3 programming layer (loader) 
 (C:\Users\Lin\AppData\Local\Programs\MiKTeX\tex/latex/l3backend\l3backend-xetex.def
File: l3backend-xetex.def 2024-03-14 L3 backend support: XeTeX
\g__graphics_track_int=\count185
\l__pdf_internal_box=\box51
\g__pdf_backend_object_int=\count186
\g__pdf_backend_annotation_int=\count187
\g__pdf_backend_link_int=\count188
))
Package: xparse 2024-03-14 L3 Experimental document command parser
) (config.tex) (C:\Users\Lin\AppData\Local\Programs\MiKTeX\tex/latex/extsizes\extbook.cls
Document Class: extbook 1999/01/07 v1.4a NON-Standard LaTeX document class
(C:\Users\Lin\AppData\Local\Programs\MiKTeX\tex/latex/extsizes\size14.clo
File: size14.clo 1999/11/11 v1.4a NON-Standard LaTeX file (size option)
) (C:\Users\Lin\AppData\Local\Programs\MiKTeX\tex/latex/base\exscale.sty
Package: exscale 2018/09/24 v2.1i Standard LaTeX package exscale
LaTeX Font Info:    Redeclaring symbol font `largesymbols' on input line 57.
LaTeX Font Info:    Overwriting symbol font `largesymbols' in version `normal'
(Font)                  OMX/cmex/m/n --> OMX/cmex/m/n on input line 57.
LaTeX Font Info:    Overwriting symbol font `largesymbols' in version `bold'
(Font)                  OMX/cmex/m/n --> OMX/cmex/m/n on input line 57.
\big@size=\dimen140
)
\c@part=\count189
\c@chapter=\count190
\c@section=\count191
\c@subsection=\count192
\c@subsubsection=\count193
\c@paragraph=\count194
\c@subparagraph=\count195
\c@figure=\count196
\c@table=\count197
\abovecaptionskip=\skip48
\belowcaptionskip=\skip49
\bibindent=\dimen141
) (C:\Users\Lin\AppData\Local\Programs\MiKTeX\tex/latex/fontspec\fontspec.sty
Package: fontspec 2024/02/13 v2.9a Font selection for XeLaTeX and LuaLaTeX
 (C:\Users\Lin\AppData\Local\Programs\MiKTeX\tex/latex/fontspec\fontspec-xetex.sty
Package: fontspec-xetex 2024/02/13 v2.9a Font selection for XeLaTeX and LuaLaTeX
\l__fontspec_script_int=\count198
\l__fontspec_language_int=\count199
\l__fontspec_strnum_int=\count266
\l__fontspec_tmp_int=\count267
\l__fontspec_tmpa_int=\count268
\l__fontspec_tmpb_int=\count269
\l__fontspec_tmpc_int=\count270
\l__fontspec_em_int=\count271
\l__fontspec_emdef_int=\count272
\l__fontspec_strong_int=\count273
\l__fontspec_strongdef_int=\count274
\l__fontspec_tmpa_dim=\dimen142
\l__fontspec_tmpb_dim=\dimen143
\l__fontspec_tmpc_dim=\dimen144
 (C:\Users\Lin\AppData\Local\Programs\MiKTeX\tex/latex/base\fontenc.sty
Package: fontenc 2021/04/29 v2.0v Standard LaTeX package
) (C:\Users\Lin\AppData\Local\Programs\MiKTeX\tex/latex/fontspec\fontspec.cfg))) (C:\Users\Lin\AppData\Local\Programs\MiKTeX\tex/xelatex/xecjk\xeCJK.sty
Package: xeCJK 2022/08/05 v3.9.1 Typesetting CJK scripts with XeLaTeX
 (C:\Users\Lin\AppData\Local\Programs\MiKTeX\tex/latex/ctex\ctexhook.sty
Package: ctexhook 2022/07/14 v2.5.10 Document and package hooks (CTEX)
) (C:\Users\Lin\AppData\Local\Programs\MiKTeX\tex/latex/l3packages/xtemplate\xtemplate.sty (C:\Users\Lin\AppData\Local\Programs\MiKTeX\tex/latex/l3packages/xtemplate\xtemplate-2023-10-10.sty
Package: xtemplate 2023-10-10 L3 Experimental prototype document functions
\l__xtemplate_tmp_dim=\dimen145
\l__xtemplate_tmp_int=\count275
\l__xtemplate_tmp_muskip=\muskip16
\l__xtemplate_tmp_skip=\skip50
))
\l__xeCJK_tmp_int=\count276
\l__xeCJK_tmp_box=\box52
\l__xeCJK_tmp_dim=\dimen146
\l__xeCJK_tmp_skip=\skip51
\g__xeCJK_space_factor_int=\count277
\l__xeCJK_begin_int=\count278
\l__xeCJK_end_int=\count279
\c__xeCJK_CJK_class_int=\XeTeXcharclass1
\c__xeCJK_FullLeft_class_int=\XeTeXcharclass2
\c__xeCJK_FullRight_class_int=\XeTeXcharclass3
\c__xeCJK_HalfLeft_class_int=\XeTeXcharclass4
\c__xeCJK_HalfRight_class_int=\XeTeXcharclass5
\c__xeCJK_NormalSpace_class_int=\XeTeXcharclass6
\c__xeCJK_CM_class_int=\XeTeXcharclass7
\c__xeCJK_HangulJamo_class_int=\XeTeXcharclass8
\l__xeCJK_last_skip=\skip52
\c__xeCJK_none_node=\count280
\g__xeCJK_node_int=\count281
\c__xeCJK_CJK_node_dim=\dimen147
\c__xeCJK_CJK-space_node_dim=\dimen148
\c__xeCJK_default_node_dim=\dimen149
\c__xeCJK_CJK-widow_node_dim=\dimen150
\c__xeCJK_normalspace_node_dim=\dimen151
\c__xeCJK_default-space_node_skip=\skip53
\l__xeCJK_ccglue_skip=\skip54
\l__xeCJK_ecglue_skip=\skip55
\l__xeCJK_punct_kern_skip=\skip56
\l__xeCJK_indent_box=\box53
\l__xeCJK_last_penalty_int=\count282
\l__xeCJK_last_bound_dim=\dimen152
\l__xeCJK_last_kern_dim=\dimen153
\l__xeCJK_widow_penalty_int=\count283

Package xtemplate Info: Declaring object type 'xeCJK/punctuation' taking 0
(xtemplate)             argument(s) on line 2396.

\l__xeCJK_fixed_punct_width_dim=\dimen154
\l__xeCJK_mixed_punct_width_dim=\dimen155
\l__xeCJK_middle_punct_width_dim=\dimen156
\l__xeCJK_fixed_margin_width_dim=\dimen157
\l__xeCJK_mixed_margin_width_dim=\dimen158
\l__xeCJK_middle_margin_width_dim=\dimen159
\l__xeCJK_bound_punct_width_dim=\dimen160
\l__xeCJK_bound_margin_width_dim=\dimen161
\l__xeCJK_margin_minimum_dim=\dimen162
\l__xeCJK_kerning_total_width_dim=\dimen163
\l__xeCJK_same_align_margin_dim=\dimen164
\l__xeCJK_different_align_margin_dim=\dimen165
\l__xeCJK_kerning_margin_width_dim=\dimen166
\l__xeCJK_kerning_margin_minimum_dim=\dimen167
\l__xeCJK_bound_dim=\dimen168
\l__xeCJK_reverse_bound_dim=\dimen169
\l__xeCJK_margin_dim=\dimen170
\l__xeCJK_minimum_bound_dim=\dimen171
\l__xeCJK_kerning_margin_dim=\dimen172
\g__xeCJK_family_int=\count284
\l__xeCJK_fam_int=\count285
\g__xeCJK_fam_allocation_int=\count286
\l__xeCJK_verb_case_int=\count287
\l__xeCJK_verb_exspace_skip=\skip57
 (C:\Users\Lin\AppData\Local\Programs\MiKTeX\tex/xelatex/xecjk\xeCJK.cfg
File: xeCJK.cfg 2022/08/05 v3.9.1 Configuration file for xeCJK package
))
\c__xeCJK_CJK/GreekCoptic_class_int=\XeTeXcharclass9

Package fontspec Info: Font family 'TimesNewRoman(0)' created for font 'Times
(fontspec)             New Roman' with options [Ligatures=TeX].
(fontspec)              
(fontspec)              This font family consists of the following NFSS
(fontspec)             series/shapes:
(fontspec)              
(fontspec)             - 'normal' (m/n) with NFSS spec.: <->"Times New
(fontspec)             Roman/OT:script=latn;language=dflt;mapping=tex-text;"
(fontspec)             - 'small caps'  (m/sc) with NFSS spec.: <->"Times New
(fontspec)             Roman/OT:script=latn;language=dflt;+smcp;mapping=tex-text;"
(fontspec)             - 'bold' (b/n) with NFSS spec.: <->"Times New
(fontspec)             Roman/B/OT:script=latn;language=dflt;mapping=tex-text;"
(fontspec)             - 'bold small caps'  (b/sc) with NFSS spec.: <->"Times
(fontspec)             New
(fontspec)             Roman/B/OT:script=latn;language=dflt;+smcp;mapping=tex-text;"
(fontspec)             - 'italic' (m/it) with NFSS spec.: <->"Times New
(fontspec)             Roman/I/OT:script=latn;language=dflt;mapping=tex-text;"
(fontspec)             - 'italic small caps'  (m/scit) with NFSS spec.:
(fontspec)             <->"Times New
(fontspec)             Roman/I/OT:script=latn;language=dflt;+smcp;mapping=tex-text;"
(fontspec)             - 'bold italic' (b/it) with NFSS spec.: <->"Times New
(fontspec)             Roman/BI/OT:script=latn;language=dflt;mapping=tex-text;"
(fontspec)             - 'bold italic small caps'  (b/scit) with NFSS spec.:
(fontspec)             <->"Times New
(fontspec)             Roman/BI/OT:script=latn;language=dflt;+smcp;mapping=tex-text;"


Package fontspec Info: Font family 'TimesNewRoman(1)' created for font 'Times
(fontspec)             New Roman' with options
(fontspec)             [WordSpace={1,0,0},HyphenChar=None,PunctuationSpace=WordSpace].
(fontspec)              
(fontspec)              This font family consists of the following NFSS
(fontspec)             series/shapes:
(fontspec)              
(fontspec)             - 'normal' (m/n) with NFSS spec.: <->"Times New
(fontspec)             Roman/OT:script=latn;language=dflt;"
(fontspec)             - 'small caps'  (m/sc) with NFSS spec.: <->"Times New
(fontspec)             Roman/OT:script=latn;language=dflt;+smcp;"
(fontspec)             and font adjustment code:
(fontspec)             \fontdimen 2\font =1\fontdimen 2\font \fontdimen 3\font
(fontspec)             =0\fontdimen 3\font \fontdimen 4\font =0\fontdimen
(fontspec)             4\font \fontdimen 7\font =0\fontdimen 2\font
(fontspec)             \tex_hyphenchar:D \font =-1\scan_stop: 
(fontspec)             - 'bold' (b/n) with NFSS spec.: <->"Times New
(fontspec)             Roman/B/OT:script=latn;language=dflt;"
(fontspec)             - 'bold small caps'  (b/sc) with NFSS spec.: <->"Times
(fontspec)             New Roman/B/OT:script=latn;language=dflt;+smcp;"
(fontspec)             and font adjustment code:
(fontspec)             \fontdimen 2\font =1\fontdimen 2\font \fontdimen 3\font
(fontspec)             =0\fontdimen 3\font \fontdimen 4\font =0\fontdimen
(fontspec)             4\font \fontdimen 7\font =0\fontdimen 2\font
(fontspec)             \tex_hyphenchar:D \font =-1\scan_stop: 
(fontspec)             - 'italic' (m/it) with NFSS spec.: <->"Times New
(fontspec)             Roman/I/OT:script=latn;language=dflt;"
(fontspec)             - 'italic small caps'  (m/scit) with NFSS spec.:
(fontspec)             <->"Times New
(fontspec)             Roman/I/OT:script=latn;language=dflt;+smcp;"
(fontspec)             and font adjustment code:
(fontspec)             \fontdimen 2\font =1\fontdimen 2\font \fontdimen 3\font
(fontspec)             =0\fontdimen 3\font \fontdimen 4\font =0\fontdimen
(fontspec)             4\font \fontdimen 7\font =0\fontdimen 2\font
(fontspec)             \tex_hyphenchar:D \font =-1\scan_stop: 
(fontspec)             - 'bold italic' (b/it) with NFSS spec.: <->"Times New
(fontspec)             Roman/BI/OT:script=latn;language=dflt;"
(fontspec)             - 'bold italic small caps'  (b/scit) with NFSS spec.:
(fontspec)             <->"Times New
(fontspec)             Roman/BI/OT:script=latn;language=dflt;+smcp;"
(fontspec)             and font adjustment code:
(fontspec)             \fontdimen 2\font =1\fontdimen 2\font \fontdimen 3\font
(fontspec)             =0\fontdimen 3\font \fontdimen 4\font =0\fontdimen
(fontspec)             4\font \fontdimen 7\font =0\fontdimen 2\font
(fontspec)             \tex_hyphenchar:D \font =-1\scan_stop: 


Package fontspec Info: Font family 'DFKai-SB(0)' created for font 'DFKai-SB'
(fontspec)             with options
(fontspec)             [Script={CJK},AutoFakeBold={2},AutoFakeSlant={0.167}].
(fontspec)              
(fontspec)              This font family consists of the following NFSS
(fontspec)             series/shapes:
(fontspec)              
(fontspec)             - 'normal' (m/n) with NFSS spec.:
(fontspec)             <->"DFKai-SB/OT:script=hani;language=dflt;"
(fontspec)             - 'small caps'  (m/sc) with NFSS spec.: 
(fontspec)             - 'bold' (b/n) with NFSS spec.:
(fontspec)             <->"DFKai-SB/OT:script=hani;language=dflt;embolden=2;"
(fontspec)             - 'bold small caps'  (b/sc) with NFSS spec.: 
(fontspec)             - 'italic' (m/it) with NFSS spec.:
(fontspec)             <->"DFKai-SB/OT:script=hani;language=dflt;slant=0.167;"
(fontspec)             - 'italic small caps'  (m/scit) with NFSS spec.: 
(fontspec)             - 'bold italic' (b/it) with NFSS spec.:
(fontspec)             <->"DFKai-SB/OT:script=hani;language=dflt;embolden=2;slant=0.167;"
(fontspec)             - 'bold italic small caps'  (b/scit) with NFSS spec.: 

 (C:\Users\Lin\AppData\Local\Programs\MiKTeX\tex/latex/zhnumber\zhnumber.sty
Package: zhnumber 2022/07/14 v3.0 Typesetting numbers with Chinese glyphs
\l__zhnum_scale_int=\count288
\l__zhnum_tmp_int=\count289
 (C:\Users\Lin\AppData\Local\Programs\MiKTeX\tex/latex/zhnumber\zhnumber-utf8.cfg
File: zhnumber-utf8.cfg 2022/07/14 v3.0 Chinese numerals with UTF8 encoding
)) (C:\Users\Lin\AppData\Local\Programs\MiKTeX\tex/latex/geometry\geometry.sty
Package: geometry 2020/01/02 v5.9 Page Geometry
 (C:\Users\Lin\AppData\Local\Programs\MiKTeX\tex/latex/graphics\keyval.sty
Package: keyval 2022/05/29 v1.15 key=value parser (DPC)
\KV@toks@=\toks17
) (C:\Users\Lin\AppData\Local\Programs\MiKTeX\tex/generic/iftex\ifvtex.sty
Package: ifvtex 2019/10/25 v1.7 ifvtex legacy package. Use iftex instead.
)
\Gm@cnth=\count290
\Gm@cntv=\count291
\c@Gm@tempcnt=\count292
\Gm@bindingoffset=\dimen173
\Gm@wd@mp=\dimen174
\Gm@odd@mp=\dimen175
\Gm@even@mp=\dimen176
\Gm@layoutwidth=\dimen177
\Gm@layoutheight=\dimen178
\Gm@layouthoffset=\dimen179
\Gm@layoutvoffset=\dimen180
\Gm@dimlist=\toks18
 (C:\Users\Lin\AppData\Local\Programs\MiKTeX\tex/latex/geometry\geometry.cfg)) (C:\Users\Lin\AppData\Local\Programs\MiKTeX\tex/latex/xcolor\xcolor.sty
Package: xcolor 2023/11/15 v3.01 LaTeX color extensions (UK)
 (C:\Users\Lin\AppData\Local\Programs\MiKTeX\tex/latex/graphics-cfg\color.cfg
File: color.cfg 2016/01/02 v1.6 sample color configuration
)
Package xcolor Info: Driver file: xetex.def on input line 274.
 (C:\Users\Lin\AppData\Local\Programs\MiKTeX\tex/latex/graphics-def\xetex.def
File: xetex.def 2022/09/22 v5.0n Graphics/color driver for xetex
) (C:\Users\Lin\AppData\Local\Programs\MiKTeX\tex/latex/graphics\mathcolor.ltx)
Package xcolor Info: Model `cmy' substituted by `cmy0' on input line 1350.
Package xcolor Info: Model `RGB' extended on input line 1366.
Package xcolor Info: Model `HTML' substituted by `rgb' on input line 1368.
Package xcolor Info: Model `Hsb' substituted by `hsb' on input line 1369.
Package xcolor Info: Model `tHsb' substituted by `hsb' on input line 1370.
Package xcolor Info: Model `HSB' substituted by `hsb' on input line 1371.
Package xcolor Info: Model `Gray' substituted by `gray' on input line 1372.
Package xcolor Info: Model `wave' substituted by `hsb' on input line 1373.
) (C:\Users\Lin\AppData\Local\Programs\MiKTeX\tex/latex/tools\indentfirst.sty
Package: indentfirst 2023/07/02 v1.03 Indent first paragraph (DPC)
) (C:\Users\Lin\AppData\Local\Programs\MiKTeX\tex/latex/titlesec\titlesec.sty
Package: titlesec 2023/10/27 v2.16 Sectioning titles
\ttl@box=\box54
\beforetitleunit=\skip58
\aftertitleunit=\skip59
\ttl@plus=\dimen181
\ttl@minus=\dimen182
\ttl@toksa=\toks19
\titlewidth=\dimen183
\titlewidthlast=\dimen184
\titlewidthfirst=\dimen185
) (C:\Users\Lin\AppData\Local\Programs\MiKTeX\tex/latex/titlesec\titletoc.sty
Package: titletoc 2023/10/27 v2.16 TOC entries
\ttl@leftsep=\dimen186
) (C:\Users\Lin\AppData\Local\Programs\MiKTeX\tex/latex/fancyhdr\fancyhdr.sty
Package: fancyhdr 2022/11/09 v4.1 Extensive control of page headers and footers
\f@nch@headwidth=\skip60
\f@nch@O@elh=\skip61
\f@nch@O@erh=\skip62
\f@nch@O@olh=\skip63
\f@nch@O@orh=\skip64
\f@nch@O@elf=\skip65
\f@nch@O@erf=\skip66
\f@nch@O@olf=\skip67
\f@nch@O@orf=\skip68
)

Package fancyhdr Warning: \fancyhead's `E' option without twoside option is useless.
(fancyhdr)                Please consider using the `twoside' option on input line 419.

(C:\Users\Lin\AppData\Local\Programs\MiKTeX\tex/latex/setspace\setspace.sty
Package: setspace 2022/12/04 v6.7b set line spacing
) (C:\Users\Lin\AppData\Local\Programs\MiKTeX\tex/latex/biblatex\biblatex.sty
Package: biblatex 2024/03/21 v3.20 programmable bibliographies (PK/MW)
 (C:\Users\Lin\AppData\Local\Programs\MiKTeX\tex/latex/kvoptions\kvoptions.sty
Package: kvoptions 2022-06-15 v3.15 Key value format for package options (HO)
 (C:\Users\Lin\AppData\Local\Programs\MiKTeX\tex/latex/kvsetkeys\kvsetkeys.sty
Package: kvsetkeys 2022-10-05 v1.19 Key value parser (HO)
)) (C:\Users\Lin\AppData\Local\Programs\MiKTeX\tex/latex/logreq\logreq.sty
Package: logreq 2010/08/04 v1.0 xml request logger
\lrq@indent=\count293
 (C:\Users\Lin\AppData\Local\Programs\MiKTeX\tex/latex/logreq\logreq.def
File: logreq.def 2010/08/04 v1.0 logreq spec v1.0
)) (C:\Users\Lin\AppData\Local\Programs\MiKTeX\tex/latex/url\url.sty
\Urlmuskip=\muskip17
Package: url 2013/09/16  ver 3.4  Verb mode for urls, etc.
)
\c@tabx@nest=\count294
\c@listtotal=\count295
\c@listcount=\count296
\c@liststart=\count297
\c@liststop=\count298
\c@citecount=\count299
\c@citetotal=\count300
\c@multicitecount=\count301
\c@multicitetotal=\count302
\c@instcount=\count303
\c@maxnames=\count304
\c@minnames=\count305
\c@maxitems=\count306
\c@minitems=\count307
\c@citecounter=\count308
\c@maxcitecounter=\count309
\c@savedcitecounter=\count310
\c@uniquelist=\count311
\c@uniquename=\count312
\c@refsection=\count313
\c@refsegment=\count314
\c@maxextratitle=\count315
\c@maxextratitleyear=\count316
\c@maxextraname=\count317
\c@maxextradate=\count318
\c@maxextraalpha=\count319
\c@abbrvpenalty=\count320
\c@highnamepenalty=\count321
\c@lownamepenalty=\count322
\c@maxparens=\count323
\c@parenlevel=\count324
\blx@tempcnta=\count325
\blx@tempcntb=\count326
\blx@tempcntc=\count327
\c@blx@maxsection=\count328
\blx@maxsegment@0=\count329
\blx@notetype=\count330
\blx@parenlevel@text=\count331
\blx@parenlevel@foot=\count332
\blx@sectionciteorder@0=\count333
\blx@sectionciteorderinternal@0=\count334
\blx@entrysetcounter=\count335
\blx@biblioinstance=\count336
\labelnumberwidth=\skip69
\labelalphawidth=\skip70
\biblabelsep=\skip71
\bibitemsep=\skip72
\bibnamesep=\skip73
\bibinitsep=\skip74
\bibparsep=\skip75
\bibhang=\skip76
\blx@bcfin=\read2
\blx@bcfout=\write3
\blx@langwohyphens=\language79
\c@mincomprange=\count337
\c@maxcomprange=\count338
\c@mincompwidth=\count339
Package biblatex Info: Trying to load biblatex default data model...
Package biblatex Info: ... file 'blx-dm.def' found.
 (C:\Users\Lin\AppData\Local\Programs\MiKTeX\tex/latex/biblatex\blx-dm.def
File: blx-dm.def 2024/03/21 v3.20 biblatex datamodel (PK/MW)
)
Package biblatex Info: Trying to load biblatex style data model...
Package biblatex Info: ... file 'ieee.dbx' not found.
Package biblatex Info: Trying to load biblatex custom data model...
Package biblatex Info: ... file 'biblatex-dm.cfg' not found.
\c@afterword=\count340
\c@savedafterword=\count341
\c@annotator=\count342
\c@savedannotator=\count343
\c@author=\count344
\c@savedauthor=\count345
\c@bookauthor=\count346
\c@savedbookauthor=\count347
\c@commentator=\count348
\c@savedcommentator=\count349
\c@editor=\count350
\c@savededitor=\count351
\c@editora=\count352
\c@savededitora=\count353
\c@editorb=\count354
\c@savededitorb=\count355
\c@editorc=\count356
\c@savededitorc=\count357
\c@foreword=\count358
\c@savedforeword=\count359
\c@holder=\count360
\c@savedholder=\count361
\c@introduction=\count362
\c@savedintroduction=\count363
\c@namea=\count364
\c@savednamea=\count365
\c@nameb=\count366
\c@savednameb=\count367
\c@namec=\count368
\c@savednamec=\count369
\c@translator=\count370
\c@savedtranslator=\count371
\c@shortauthor=\count372
\c@savedshortauthor=\count373
\c@shorteditor=\count374
\c@savedshorteditor=\count375
\c@labelname=\count376
\c@savedlabelname=\count377
\c@institution=\count378
\c@savedinstitution=\count379
\c@lista=\count380
\c@savedlista=\count381
\c@listb=\count382
\c@savedlistb=\count383
\c@listc=\count384
\c@savedlistc=\count385
\c@listd=\count386
\c@savedlistd=\count387
\c@liste=\count388
\c@savedliste=\count389
\c@listf=\count390
\c@savedlistf=\count391
\c@location=\count392
\c@savedlocation=\count393
\c@organization=\count394
\c@savedorganization=\count395
\c@origlocation=\count396
\c@savedoriglocation=\count397
\c@origpublisher=\count398
\c@savedorigpublisher=\count399
\c@publisher=\count400
\c@savedpublisher=\count401
\c@language=\count402
\c@savedlanguage=\count403
\c@origlanguage=\count404
\c@savedoriglanguage=\count405
\c@pageref=\count406
\c@savedpageref=\count407
\shorthandwidth=\skip77
\shortjournalwidth=\skip78
\shortserieswidth=\skip79
\shorttitlewidth=\skip80
\shortauthorwidth=\skip81
\shorteditorwidth=\skip82
\locallabelnumberwidth=\skip83
\locallabelalphawidth=\skip84
\localshorthandwidth=\skip85
\localshortjournalwidth=\skip86
\localshortserieswidth=\skip87
\localshorttitlewidth=\skip88
\localshortauthorwidth=\skip89
\localshorteditorwidth=\skip90
Package biblatex Info: Trying to load enhanced support for Unicode engines...
Package biblatex Info: ... file 'blx-unicode.def' found.
 (C:\Users\Lin\AppData\Local\Programs\MiKTeX\tex/latex/biblatex\blx-unicode.def)
Package biblatex Info: Trying to load compatibility code...
Package biblatex Info: ... file 'blx-compat.def' found.
 (C:\Users\Lin\AppData\Local\Programs\MiKTeX\tex/latex/biblatex\blx-compat.def
File: blx-compat.def 2024/03/21 v3.20 biblatex compatibility (PK/MW)
)
Package biblatex Info: Trying to load generic definitions...
Package biblatex Info: ... file 'biblatex.def' found.
 (C:\Users\Lin\AppData\Local\Programs\MiKTeX\tex/latex/biblatex\biblatex.def
File: biblatex.def 2024/03/21 v3.20 biblatex compatibility (PK/MW)
\c@textcitecount=\count408
\c@textcitetotal=\count409
\c@textcitemaxnames=\count410
\c@biburlbigbreakpenalty=\count411
\c@biburlbreakpenalty=\count412
\c@biburlnumpenalty=\count413
\c@biburlucpenalty=\count414
\c@biburllcpenalty=\count415
\biburlbigskip=\muskip18
\biburlnumskip=\muskip19
\biburlucskip=\muskip20
\biburllcskip=\muskip21
\c@smartand=\count416
)
Package biblatex Info: Trying to load bibliography style 'ieee'...
Package biblatex Info: ... file 'ieee.bbx' found.
 (C:\Users\Lin\AppData\Local\Programs\MiKTeX\tex/latex/biblatex-ieee\ieee.bbx
File: ieee.bbx 2021/12/06 v1.3f biblatex bibliography style
Package biblatex Info: Trying to load bibliography style 'numeric-comp'...
Package biblatex Info: ... file 'numeric-comp.bbx' found.
 (C:\Users\Lin\AppData\Local\Programs\MiKTeX\tex/latex/biblatex/bbx\numeric-comp.bbx
File: numeric-comp.bbx 2024/03/21 v3.20 biblatex bibliography style (PK/MW)
Package biblatex Info: Trying to load bibliography style 'numeric'...
Package biblatex Info: ... file 'numeric.bbx' found.
 (C:\Users\Lin\AppData\Local\Programs\MiKTeX\tex/latex/biblatex/bbx\numeric.bbx
File: numeric.bbx 2024/03/21 v3.20 biblatex bibliography style (PK/MW)
Package biblatex Info: Trying to load bibliography style 'standard'...
Package biblatex Info: ... file 'standard.bbx' found.
 (C:\Users\Lin\AppData\Local\Programs\MiKTeX\tex/latex/biblatex/bbx\standard.bbx
File: standard.bbx 2024/03/21 v3.20 biblatex bibliography style (PK/MW)
\c@bbx:relatedcount=\count417
\c@bbx:relatedtotal=\count418
))))
Package biblatex Info: Trying to load citation style 'ieee'...
Package biblatex Info: ... file 'ieee.cbx' found.
 (C:\Users\Lin\AppData\Local\Programs\MiKTeX\tex/latex/biblatex-ieee\ieee.cbx
File: ieee.cbx 2021/12/06 v1.3f biblatex citation style
Package biblatex Info: Trying to load citation style 'numeric-comp'...
Package biblatex Info: ... file 'numeric-comp.cbx' found.
 (C:\Users\Lin\AppData\Local\Programs\MiKTeX\tex/latex/biblatex/cbx\numeric-comp.cbx
File: numeric-comp.cbx 2024/03/21 v3.20 biblatex citation style (PK/MW)
\c@cbx@tempcnta=\count419
\c@cbx@tempcntb=\count420
\c@cbx@tempcntc=\count421
\c@cbx@tempcntd=\count422
Package biblatex Info: Redefining '\cite'.
Package biblatex Info: Redefining '\parencite'.
Package biblatex Info: Redefining '\footcite'.
Package biblatex Info: Redefining '\footcitetext'.
Package biblatex Info: Redefining '\smartcite'.
Package biblatex Info: Redefining '\supercite'.
Package biblatex Info: Redefining '\textcite'.
Package biblatex Info: Redefining '\textcites'.
Package biblatex Info: Redefining '\cites'.
Package biblatex Info: Redefining '\parencites'.
Package biblatex Info: Redefining '\smartcites'.
)
Package biblatex Info: Redefining '\cite'.
Package biblatex Info: Redefining '\supercite'.
Package biblatex Info: Redefining '\cites'.
)
Package biblatex Info: Trying to load configuration file...
Package biblatex Info: ... file 'biblatex.cfg' found.
 (C:\Users\Lin\AppData\Local\Programs\MiKTeX\tex/latex/biblatex\biblatex.cfg
File: biblatex.cfg 
)
Package biblatex Info: XeTeX detected.
(biblatex)             Assuming input encoding 'utf8'.
Package biblatex Info: Document encoding is UTF8 ....
Package biblatex Info: ... and expl3
(biblatex)             2024-03-14 L3 programming layer (loader) 
(biblatex)             is new enough (at least 2020/04/06),
(biblatex)             setting 'casechanger=expl3'.
 (C:\Users\Lin\AppData\Local\Programs\MiKTeX\tex/latex/biblatex\blx-case-expl3.sty
Package: blx-case-expl3 2024/03/21 v3.20 expl3 case changing code for biblatex
)) (C:\Users\Lin\AppData\Local\Programs\MiKTeX\tex/latex/pgf/frontendlayer\tikz.sty (C:\Users\Lin\AppData\Local\Programs\MiKTeX\tex/latex/pgf/basiclayer\pgf.sty (C:\Users\Lin\AppData\Local\Programs\MiKTeX\tex/latex/pgf/utilities\pgfrcs.sty (C:\Users\Lin\AppData\Local\Programs\MiKTeX\tex/generic/pgf/utilities\pgfutil-common.tex
\pgfutil@everybye=\toks20
\pgfutil@tempdima=\dimen187
\pgfutil@tempdimb=\dimen188
) (C:\Users\Lin\AppData\Local\Programs\MiKTeX\tex/generic/pgf/utilities\pgfutil-latex.def
\pgfutil@abb=\box55
) (C:\Users\Lin\AppData\Local\Programs\MiKTeX\tex/generic/pgf/utilities\pgfrcs.code.tex (C:\Users\Lin\AppData\Local\Programs\MiKTeX\tex/generic/pgf\pgf.revision.tex)
Package: pgfrcs 2023-01-15 v3.1.10 (3.1.10)
))
Package: pgf 2023-01-15 v3.1.10 (3.1.10)
 (C:\Users\Lin\AppData\Local\Programs\MiKTeX\tex/latex/pgf/basiclayer\pgfcore.sty (C:\Users\Lin\AppData\Local\Programs\MiKTeX\tex/latex/graphics\graphicx.sty
Package: graphicx 2021/09/16 v1.2d Enhanced LaTeX Graphics (DPC,SPQR)
 (C:\Users\Lin\AppData\Local\Programs\MiKTeX\tex/latex/graphics\graphics.sty
Package: graphics 2022/03/10 v1.4e Standard LaTeX Graphics (DPC,SPQR)
 (C:\Users\Lin\AppData\Local\Programs\MiKTeX\tex/latex/graphics\trig.sty
Package: trig 2021/08/11 v1.11 sin cos tan (DPC)
) (C:\Users\Lin\AppData\Local\Programs\MiKTeX\tex/latex/graphics-cfg\graphics.cfg
File: graphics.cfg 2016/06/04 v1.11 sample graphics configuration
)
Package graphics Info: Driver file: xetex.def on input line 107.
)
\Gin@req@height=\dimen189
\Gin@req@width=\dimen190
) (C:\Users\Lin\AppData\Local\Programs\MiKTeX\tex/latex/pgf/systemlayer\pgfsys.sty (C:\Users\Lin\AppData\Local\Programs\MiKTeX\tex/generic/pgf/systemlayer\pgfsys.code.tex
Package: pgfsys 2023-01-15 v3.1.10 (3.1.10)
 (C:\Users\Lin\AppData\Local\Programs\MiKTeX\tex/generic/pgf/utilities\pgfkeys.code.tex
\pgfkeys@pathtoks=\toks21
\pgfkeys@temptoks=\toks22
 (C:\Users\Lin\AppData\Local\Programs\MiKTeX\tex/generic/pgf/utilities\pgfkeyslibraryfiltered.code.tex
\pgfkeys@tmptoks=\toks23
))
\pgf@x=\dimen191
\pgf@y=\dimen192
\pgf@xa=\dimen193
\pgf@ya=\dimen194
\pgf@xb=\dimen195
\pgf@yb=\dimen196
\pgf@xc=\dimen197
\pgf@yc=\dimen198
\pgf@xd=\dimen199
\pgf@yd=\dimen256
\w@pgf@writea=\write4
\r@pgf@reada=\read3
\c@pgf@counta=\count423
\c@pgf@countb=\count424
\c@pgf@countc=\count425
\c@pgf@countd=\count426
\t@pgf@toka=\toks24
\t@pgf@tokb=\toks25
\t@pgf@tokc=\toks26
\pgf@sys@id@count=\count427
 (C:\Users\Lin\AppData\Local\Programs\MiKTeX\tex/generic/pgf/systemlayer\pgf.cfg
File: pgf.cfg 2023-01-15 v3.1.10 (3.1.10)
)
Driver file for pgf: pgfsys-xetex.def
 (C:\Users\Lin\AppData\Local\Programs\MiKTeX\tex/generic/pgf/systemlayer\pgfsys-xetex.def
File: pgfsys-xetex.def 2023-01-15 v3.1.10 (3.1.10)
 (C:\Users\Lin\AppData\Local\Programs\MiKTeX\tex/generic/pgf/systemlayer\pgfsys-dvipdfmx.def
File: pgfsys-dvipdfmx.def 2023-01-15 v3.1.10 (3.1.10)
 (C:\Users\Lin\AppData\Local\Programs\MiKTeX\tex/generic/pgf/systemlayer\pgfsys-common-pdf.def
File: pgfsys-common-pdf.def 2023-01-15 v3.1.10 (3.1.10)
)
\pgfsys@objnum=\count428
))) (C:\Users\Lin\AppData\Local\Programs\MiKTeX\tex/generic/pgf/systemlayer\pgfsyssoftpath.code.tex
File: pgfsyssoftpath.code.tex 2023-01-15 v3.1.10 (3.1.10)
\pgfsyssoftpath@smallbuffer@items=\count429
\pgfsyssoftpath@bigbuffer@items=\count430
) (C:\Users\Lin\AppData\Local\Programs\MiKTeX\tex/generic/pgf/systemlayer\pgfsysprotocol.code.tex
File: pgfsysprotocol.code.tex 2023-01-15 v3.1.10 (3.1.10)
)) (C:\Users\Lin\AppData\Local\Programs\MiKTeX\tex/generic/pgf/basiclayer\pgfcore.code.tex
Package: pgfcore 2023-01-15 v3.1.10 (3.1.10)
 (C:\Users\Lin\AppData\Local\Programs\MiKTeX\tex/generic/pgf/math\pgfmath.code.tex (C:\Users\Lin\AppData\Local\Programs\MiKTeX\tex/generic/pgf/math\pgfmathutil.code.tex) (C:\Users\Lin\AppData\Local\Programs\MiKTeX\tex/generic/pgf/math\pgfmathparser.code.tex
\pgfmath@dimen=\dimen257
\pgfmath@count=\count431
\pgfmath@box=\box56
\pgfmath@toks=\toks27
\pgfmath@stack@operand=\toks28
\pgfmath@stack@operation=\toks29
) (C:\Users\Lin\AppData\Local\Programs\MiKTeX\tex/generic/pgf/math\pgfmathfunctions.code.tex) (C:\Users\Lin\AppData\Local\Programs\MiKTeX\tex/generic/pgf/math\pgfmathfunctions.basic.code.tex) (C:\Users\Lin\AppData\Local\Programs\MiKTeX\tex/generic/pgf/math\pgfmathfunctions.trigonometric.code.tex) (C:\Users\Lin\AppData\Local\Programs\MiKTeX\tex/generic/pgf/math\pgfmathfunctions.random.code.tex) (C:\Users\Lin\AppData\Local\Programs\MiKTeX\tex/generic/pgf/math\pgfmathfunctions.comparison.code.tex) (C:\Users\Lin\AppData\Local\Programs\MiKTeX\tex/generic/pgf/math\pgfmathfunctions.base.code.tex) (C:\Users\Lin\AppData\Local\Programs\MiKTeX\tex/generic/pgf/math\pgfmathfunctions.round.code.tex) (C:\Users\Lin\AppData\Local\Programs\MiKTeX\tex/generic/pgf/math\pgfmathfunctions.misc.code.tex) (C:\Users\Lin\AppData\Local\Programs\MiKTeX\tex/generic/pgf/math\pgfmathfunctions.integerarithmetics.code.tex) (C:\Users\Lin\AppData\Local\Programs\MiKTeX\tex/generic/pgf/math\pgfmathcalc.code.tex) (C:\Users\Lin\AppData\Local\Programs\MiKTeX\tex/generic/pgf/math\pgfmathfloat.code.tex
\c@pgfmathroundto@lastzeros=\count432
)) (C:\Users\Lin\AppData\Local\Programs\MiKTeX\tex/generic/pgf/math\pgfint.code.tex) (C:\Users\Lin\AppData\Local\Programs\MiKTeX\tex/generic/pgf/basiclayer\pgfcorepoints.code.tex
File: pgfcorepoints.code.tex 2023-01-15 v3.1.10 (3.1.10)
\pgf@picminx=\dimen258
\pgf@picmaxx=\dimen259
\pgf@picminy=\dimen260
\pgf@picmaxy=\dimen261
\pgf@pathminx=\dimen262
\pgf@pathmaxx=\dimen263
\pgf@pathminy=\dimen264
\pgf@pathmaxy=\dimen265
\pgf@xx=\dimen266
\pgf@xy=\dimen267
\pgf@yx=\dimen268
\pgf@yy=\dimen269
\pgf@zx=\dimen270
\pgf@zy=\dimen271
) (C:\Users\Lin\AppData\Local\Programs\MiKTeX\tex/generic/pgf/basiclayer\pgfcorepathconstruct.code.tex
File: pgfcorepathconstruct.code.tex 2023-01-15 v3.1.10 (3.1.10)
\pgf@path@lastx=\dimen272
\pgf@path@lasty=\dimen273
) (C:\Users\Lin\AppData\Local\Programs\MiKTeX\tex/generic/pgf/basiclayer\pgfcorepathusage.code.tex
File: pgfcorepathusage.code.tex 2023-01-15 v3.1.10 (3.1.10)
\pgf@shorten@end@additional=\dimen274
\pgf@shorten@start@additional=\dimen275
) (C:\Users\Lin\AppData\Local\Programs\MiKTeX\tex/generic/pgf/basiclayer\pgfcorescopes.code.tex
File: pgfcorescopes.code.tex 2023-01-15 v3.1.10 (3.1.10)
\pgfpic=\box57
\pgf@hbox=\box58
\pgf@layerbox@main=\box59
\pgf@picture@serial@count=\count433
) (C:\Users\Lin\AppData\Local\Programs\MiKTeX\tex/generic/pgf/basiclayer\pgfcoregraphicstate.code.tex
File: pgfcoregraphicstate.code.tex 2023-01-15 v3.1.10 (3.1.10)
\pgflinewidth=\dimen276
) (C:\Users\Lin\AppData\Local\Programs\MiKTeX\tex/generic/pgf/basiclayer\pgfcoretransformations.code.tex
File: pgfcoretransformations.code.tex 2023-01-15 v3.1.10 (3.1.10)
\pgf@pt@x=\dimen277
\pgf@pt@y=\dimen278
\pgf@pt@temp=\dimen279
) (C:\Users\Lin\AppData\Local\Programs\MiKTeX\tex/generic/pgf/basiclayer\pgfcorequick.code.tex
File: pgfcorequick.code.tex 2023-01-15 v3.1.10 (3.1.10)
) (C:\Users\Lin\AppData\Local\Programs\MiKTeX\tex/generic/pgf/basiclayer\pgfcoreobjects.code.tex
File: pgfcoreobjects.code.tex 2023-01-15 v3.1.10 (3.1.10)
) (C:\Users\Lin\AppData\Local\Programs\MiKTeX\tex/generic/pgf/basiclayer\pgfcorepathprocessing.code.tex
File: pgfcorepathprocessing.code.tex 2023-01-15 v3.1.10 (3.1.10)
) (C:\Users\Lin\AppData\Local\Programs\MiKTeX\tex/generic/pgf/basiclayer\pgfcorearrows.code.tex
File: pgfcorearrows.code.tex 2023-01-15 v3.1.10 (3.1.10)
\pgfarrowsep=\dimen280
) (C:\Users\Lin\AppData\Local\Programs\MiKTeX\tex/generic/pgf/basiclayer\pgfcoreshade.code.tex
File: pgfcoreshade.code.tex 2023-01-15 v3.1.10 (3.1.10)
\pgf@max=\dimen281
\pgf@sys@shading@range@num=\count434
\pgf@shadingcount=\count435
) (C:\Users\Lin\AppData\Local\Programs\MiKTeX\tex/generic/pgf/basiclayer\pgfcoreimage.code.tex
File: pgfcoreimage.code.tex 2023-01-15 v3.1.10 (3.1.10)
) (C:\Users\Lin\AppData\Local\Programs\MiKTeX\tex/generic/pgf/basiclayer\pgfcoreexternal.code.tex
File: pgfcoreexternal.code.tex 2023-01-15 v3.1.10 (3.1.10)
\pgfexternal@startupbox=\box60
) (C:\Users\Lin\AppData\Local\Programs\MiKTeX\tex/generic/pgf/basiclayer\pgfcorelayers.code.tex
File: pgfcorelayers.code.tex 2023-01-15 v3.1.10 (3.1.10)
) (C:\Users\Lin\AppData\Local\Programs\MiKTeX\tex/generic/pgf/basiclayer\pgfcoretransparency.code.tex
File: pgfcoretransparency.code.tex 2023-01-15 v3.1.10 (3.1.10)
) (C:\Users\Lin\AppData\Local\Programs\MiKTeX\tex/generic/pgf/basiclayer\pgfcorepatterns.code.tex
File: pgfcorepatterns.code.tex 2023-01-15 v3.1.10 (3.1.10)
) (C:\Users\Lin\AppData\Local\Programs\MiKTeX\tex/generic/pgf/basiclayer\pgfcorerdf.code.tex
File: pgfcorerdf.code.tex 2023-01-15 v3.1.10 (3.1.10)
))) (C:\Users\Lin\AppData\Local\Programs\MiKTeX\tex/generic/pgf/modules\pgfmoduleshapes.code.tex
File: pgfmoduleshapes.code.tex 2023-01-15 v3.1.10 (3.1.10)
\pgfnodeparttextbox=\box61
) (C:\Users\Lin\AppData\Local\Programs\MiKTeX\tex/generic/pgf/modules\pgfmoduleplot.code.tex
File: pgfmoduleplot.code.tex 2023-01-15 v3.1.10 (3.1.10)
) (C:\Users\Lin\AppData\Local\Programs\MiKTeX\tex/latex/pgf/compatibility\pgfcomp-version-0-65.sty
Package: pgfcomp-version-0-65 2023-01-15 v3.1.10 (3.1.10)
\pgf@nodesepstart=\dimen282
\pgf@nodesepend=\dimen283
) (C:\Users\Lin\AppData\Local\Programs\MiKTeX\tex/latex/pgf/compatibility\pgfcomp-version-1-18.sty
Package: pgfcomp-version-1-18 2023-01-15 v3.1.10 (3.1.10)
)) (C:\Users\Lin\AppData\Local\Programs\MiKTeX\tex/latex/pgf/utilities\pgffor.sty (C:\Users\Lin\AppData\Local\Programs\MiKTeX\tex/latex/pgf/utilities\pgfkeys.sty (C:\Users\Lin\AppData\Local\Programs\MiKTeX\tex/generic/pgf/utilities\pgfkeys.code.tex)) (C:\Users\Lin\AppData\Local\Programs\MiKTeX\tex/latex/pgf/math\pgfmath.sty (C:\Users\Lin\AppData\Local\Programs\MiKTeX\tex/generic/pgf/math\pgfmath.code.tex)) (C:\Users\Lin\AppData\Local\Programs\MiKTeX\tex/generic/pgf/utilities\pgffor.code.tex
Package: pgffor 2023-01-15 v3.1.10 (3.1.10)
\pgffor@iter=\dimen284
\pgffor@skip=\dimen285
\pgffor@stack=\toks30
\pgffor@toks=\toks31
)) (C:\Users\Lin\AppData\Local\Programs\MiKTeX\tex/generic/pgf/frontendlayer/tikz\tikz.code.tex
Package: tikz 2023-01-15 v3.1.10 (3.1.10)
 (C:\Users\Lin\AppData\Local\Programs\MiKTeX\tex/generic/pgf/libraries\pgflibraryplothandlers.code.tex
File: pgflibraryplothandlers.code.tex 2023-01-15 v3.1.10 (3.1.10)
\pgf@plot@mark@count=\count436
\pgfplotmarksize=\dimen286
)
\tikz@lastx=\dimen287
\tikz@lasty=\dimen288
\tikz@lastxsaved=\dimen289
\tikz@lastysaved=\dimen290
\tikz@lastmovetox=\dimen291
\tikz@lastmovetoy=\dimen292
\tikzleveldistance=\dimen293
\tikzsiblingdistance=\dimen294
\tikz@figbox=\box62
\tikz@figbox@bg=\box63
\tikz@tempbox=\box64
\tikz@tempbox@bg=\box65
\tikztreelevel=\count437
\tikznumberofchildren=\count438
\tikznumberofcurrentchild=\count439
\tikz@fig@count=\count440
 (C:\Users\Lin\AppData\Local\Programs\MiKTeX\tex/generic/pgf/modules\pgfmodulematrix.code.tex
File: pgfmodulematrix.code.tex 2023-01-15 v3.1.10 (3.1.10)
\pgfmatrixcurrentrow=\count441
\pgfmatrixcurrentcolumn=\count442
\pgf@matrix@numberofcolumns=\count443
)
\tikz@expandcount=\count444
 (C:\Users\Lin\AppData\Local\Programs\MiKTeX\tex/generic/pgf/frontendlayer/tikz/libraries\tikzlibrarytopaths.code.tex
File: tikzlibrarytopaths.code.tex 2023-01-15 v3.1.10 (3.1.10)
))) (C:\Users\Lin\AppData\Local\Programs\MiKTeX\tex/latex/pdfpages\pdfpages.sty
Package: pdfpages 2024/01/21 v0.5y Insert pages of external PDF documents (AM)
 (C:\Users\Lin\AppData\Local\Programs\MiKTeX\tex/latex/tools\calc.sty
Package: calc 2023/07/08 v4.3 Infix arithmetic (KKT,FJ)
\calc@Acount=\count445
\calc@Bcount=\count446
\calc@Adimen=\dimen295
\calc@Bdimen=\dimen296
\calc@Askip=\skip91
\calc@Bskip=\skip92
LaTeX Info: Redefining \setlength on input line 80.
LaTeX Info: Redefining \addtolength on input line 81.
\calc@Ccount=\count447
\calc@Cskip=\skip93
) (C:\Users\Lin\AppData\Local\Programs\MiKTeX\tex/latex/eso-pic\eso-pic.sty
Package: eso-pic 2023/05/03 v3.0c eso-pic (RN)
\ESO@tempdima=\dimen297
\ESO@tempdimb=\dimen298
)
\AM@pagewidth=\dimen299
\AM@pageheight=\dimen300
\AM@fboxrule=\dimen301
 (C:\Users\Lin\AppData\Local\Programs\MiKTeX\tex/latex/pdfpages\ppxetex.def
File: ppxetex.def 2024/01/21 v0.5y Pdfpages driver for XeTeX (AM)
)
\pdfpages@includegraphics@status=\count448
\AM@pagebox=\box66
\AM@global@opts=\toks32
\AM@pagecnt=\count449
\AM@toc@title=\toks33
\AM@lof@heading=\toks34
\c@AM@survey=\count450
\AM@templatesizebox=\box67
) (C:\Users\Lin\AppData\Local\Programs\MiKTeX\tex/latex/caption\caption.sty
Package: caption 2023/08/05 v3.6o Customizing captions (AR)
 (C:\Users\Lin\AppData\Local\Programs\MiKTeX\tex/latex/caption\caption3.sty
Package: caption3 2023/07/31 v2.4d caption3 kernel (AR)
\caption@tempdima=\dimen302
\captionmargin=\dimen303
\caption@leftmargin=\dimen304
\caption@rightmargin=\dimen305
\caption@width=\dimen306
\caption@indent=\dimen307
\caption@parindent=\dimen308
\caption@hangindent=\dimen309
Package caption Info: Standard document class detected.
)
\c@caption@flags=\count451
\c@continuedfloat=\count452
) (C:\Users\Lin\AppData\Local\Programs\MiKTeX\tex/latex/caption\subcaption.sty
Package: subcaption 2023/07/28 v1.6b Sub-captions (AR)
Package caption Info: New subtype `subfigure' on input line 238.
\c@subfigure=\count453
Package caption Info: New subtype `subtable' on input line 238.
\c@subtable=\count454
) (C:\Users\Lin\AppData\Local\Programs\MiKTeX\tex/latex/placeins\placeins.sty
Package: placeins 2005/04/18  v 2.2
) (C:\Users\Lin\AppData\Local\Programs\MiKTeX\tex/latex/tools\tabularx.sty
Package: tabularx 2023/07/08 v2.11c `tabularx' package (DPC)
 (C:\Users\Lin\AppData\Local\Programs\MiKTeX\tex/latex/tools\array.sty
Package: array 2023/10/16 v2.5g Tabular extension package (FMi)
\col@sep=\dimen310
\ar@mcellbox=\box68
\extrarowheight=\dimen311
\NC@list=\toks35
\extratabsurround=\skip94
\backup@length=\skip95
\ar@cellbox=\box69
)
\TX@col@width=\dimen312
\TX@old@table=\dimen313
\TX@old@col=\dimen314
\TX@target=\dimen315
\TX@delta=\dimen316
\TX@cols=\count455
\TX@ftn=\toks36
) (C:\Users\Lin\AppData\Local\Programs\MiKTeX\tex/latex/multirow\multirow.sty
Package: multirow 2021/03/15 v2.8 Span multiple rows of a table
\multirow@colwidth=\skip96
\multirow@cntb=\count456
\multirow@dima=\skip97
\bigstrutjot=\dimen317
) (C:\Users\Lin\AppData\Local\Programs\MiKTeX\tex/latex/colortbl\colortbl.sty
Package: colortbl 2024/02/20 v1.0g Color table columns (DPC)
\everycr=\toks37
\minrowclearance=\skip98
\rownum=\count457
) (C:\Users\Lin\AppData\Local\Programs\MiKTeX\tex/latex/floatrow\floatrow.sty
Package: floatrow 2008/08/02 v0.3b floatrow: float package extension
\c@float@type=\count458
\float@exts=\toks38
\float@box=\box70
\@floatcapt=\box71
Package floatrow Info: Modified float package code loaded on input line 455.
Package floatrow Info: Modified rotfloat package code loaded on input line 473.
\FR@everyfloat=\toks39
\flrow@foot=\insert252
\FB@wd=\dimen318
\FBo@wd=\dimen319
\FBc@wd=\dimen320
\FBo@ht=\skip99
\FBc@ht=\skip100
\FBf@ht=\skip101
\FBo@max=\skip102
\FBc@max=\skip103
\FBf@max=\skip104
\c@FBl@b=\count459
\floatbox@depth=\count460
\c@FRobj=\count461
\c@FRsobj=\count462
\Xhsize=\skip105
\sXhsize=\skip106
\Zhsize=\skip107
\sZhsize=\skip108
\flrow@rowbox=\box72
\FR@Zunitlength=\dimen321
\c@FBcnt=\count463
\FPOScnt=\count464
\LTleft=\skip109
\LTright=\skip110
\LTleft=\skip111
\LTright=\skip112
\flrow@types=\toks40
) (C:\Users\Lin\AppData\Local\Programs\MiKTeX\tex/latex/amsfonts\amsfonts.sty
Package: amsfonts 2013/01/14 v3.01 Basic AMSFonts support
\@emptytoks=\toks41
\symAMSa=\mathgroup4
\symAMSb=\mathgroup5
LaTeX Font Info:    Redeclaring math symbol \hbar on input line 98.
LaTeX Font Info:    Overwriting math alphabet `\mathfrak' in version `bold'
(Font)                  U/euf/m/n --> U/euf/b/n on input line 106.
) (C:\Users\Lin\AppData\Local\Programs\MiKTeX\tex/latex/amsmath\amsmath.sty
Package: amsmath 2023/05/13 v2.17o AMS math features
\@mathmargin=\skip113

For additional information on amsmath, use the `?' option.
(C:\Users\Lin\AppData\Local\Programs\MiKTeX\tex/latex/amsmath\amstext.sty
Package: amstext 2021/08/26 v2.01 AMS text
 (C:\Users\Lin\AppData\Local\Programs\MiKTeX\tex/latex/amsmath\amsgen.sty
File: amsgen.sty 1999/11/30 v2.0 generic functions
\@emptytoks=\toks42
\ex@=\dimen322
)) (C:\Users\Lin\AppData\Local\Programs\MiKTeX\tex/latex/amsmath\amsbsy.sty
Package: amsbsy 1999/11/29 v1.2d Bold Symbols
\pmbraise@=\dimen323
) (C:\Users\Lin\AppData\Local\Programs\MiKTeX\tex/latex/amsmath\amsopn.sty
Package: amsopn 2022/04/08 v2.04 operator names
)
\inf@bad=\count465
LaTeX Info: Redefining \frac on input line 234.
\uproot@=\count466
\leftroot@=\count467
LaTeX Info: Redefining \overline on input line 399.
LaTeX Info: Redefining \colon on input line 410.
\classnum@=\count468
\DOTSCASE@=\count469
LaTeX Info: Redefining \ldots on input line 496.
LaTeX Info: Redefining \dots on input line 499.
LaTeX Info: Redefining \cdots on input line 620.
\Mathstrutbox@=\box73
\strutbox@=\box74
LaTeX Info: Redefining \big on input line 722.
LaTeX Info: Redefining \Big on input line 723.
LaTeX Info: Redefining \bigg on input line 724.
LaTeX Info: Redefining \Bigg on input line 725.
\big@size=\dimen324
LaTeX Font Info:    Redeclaring font encoding OML on input line 743.
LaTeX Font Info:    Redeclaring font encoding OMS on input line 744.
\macc@depth=\count470
LaTeX Info: Redefining \bmod on input line 905.
LaTeX Info: Redefining \pmod on input line 910.
LaTeX Info: Redefining \smash on input line 940.
LaTeX Info: Redefining \relbar on input line 970.
LaTeX Info: Redefining \Relbar on input line 971.
\c@MaxMatrixCols=\count471
\dotsspace@=\muskip22
\c@parentequation=\count472
\dspbrk@lvl=\count473
\tag@help=\toks43
\row@=\count474
\column@=\count475
\maxfields@=\count476
\andhelp@=\toks44
\eqnshift@=\dimen325
\alignsep@=\dimen326
\tagshift@=\dimen327
\tagwidth@=\dimen328
\totwidth@=\dimen329
\lineht@=\dimen330
\@envbody=\toks45
\multlinegap=\skip114
\multlinetaggap=\skip115
\mathdisplay@stack=\toks46
LaTeX Info: Redefining \[ on input line 2953.
LaTeX Info: Redefining \] on input line 2954.
) (C:\Users\Lin\AppData\Local\Programs\MiKTeX\tex/latex/siunitx\siunitx.sty
Package: siunitx 2024-04-15 v3.3.14 A comprehensive (SI) units package
\l__siunitx_number_uncert_offset_int=\count477
\l__siunitx_number_exponent_fixed_int=\count478
\l__siunitx_number_min_decimal_int=\count479
\l__siunitx_number_min_integer_int=\count480
\l__siunitx_number_round_precision_int=\count481
\l__siunitx_number_lower_threshold_int=\count482
\l__siunitx_number_upper_threshold_int=\count483
\l__siunitx_number_group_first_int=\count484
\l__siunitx_number_group_size_int=\count485
\l__siunitx_number_group_minimum_int=\count486
\l__siunitx_angle_tmp_dim=\dimen331
\l__siunitx_angle_marker_box=\box75
\l__siunitx_angle_unit_box=\box76
\l__siunitx_compound_count_int=\count487
 (C:\Users\Lin\AppData\Local\Programs\MiKTeX\tex/latex/translations\translations.sty
Package: translations 2022/02/05 v1.12 internationalization of LaTeX2e packages (CN)
)
\l__siunitx_table_tmp_box=\box77
\l__siunitx_table_tmp_dim=\dimen332
\l__siunitx_table_column_width_dim=\dimen333
\l__siunitx_table_integer_box=\box78
\l__siunitx_table_decimal_box=\box79
\l__siunitx_table_uncert_box=\box80
\l__siunitx_table_before_box=\box81
\l__siunitx_table_after_box=\box82
\l__siunitx_table_before_dim=\dimen334
\l__siunitx_table_carry_dim=\dimen335
\l__siunitx_unit_tmp_int=\count488
\l__siunitx_unit_position_int=\count489
\l__siunitx_unit_total_int=\count490
) (C:\Users\Lin\AppData\Local\Programs\MiKTeX\tex/latex/mhchem\mhchem.sty
Package: mhchem 2024/01/29 v4.10 for typesetting chemical formulae
 (C:\Users\Lin\AppData\Local\Programs\MiKTeX\tex/latex/l3packages/l3keys2e\l3keys2e.sty
Package: l3keys2e 2024-03-14 LaTeX2e option processing using LaTeX3 keys
) (C:\Users\Lin\AppData\Local\Programs\MiKTeX\tex/latex/chemgreek\chemgreek.sty
Package: chemgreek 2020/01/16 v1.1a interface for upright Greek letters for use in chemistry (CN)
\l__chemgreek_tmpa_int=\count491
\g__chemgreek_tmpa_int=\count492
)
\l__mhchem_ce_distanceFromLastComma_int=\count493
\__mhchem_arrow_extPgfLength_skip=\skip116
\mhchem@minispace@tmp=\skip117
\mhchem@minibackspace@tmp=\skip118
\mhchem@bondwidth=\skip119
\mhchem@bondheight=\skip120
\mhchem@smallbondwidth@tmpA=\skip121
\mhchem@smallbondwidth@tmpB=\skip122
\mhchem@smallbondwidth=\skip123
\mhchem@bondtmp@minussidebearingleft=\skip124
\mhchem@bondtmp@minussidebearingright=\skip125
\l__mhchem_option_version_int=\count494
\mhchem@option@minusmathsidebearingleft=\dimen336
\mhchem@option@minusmathsidebearingright=\dimen337
\mhchem@option@minustextsidebearingleft=\dimen338
\mhchem@option@minustextsidebearingright=\dimen339
) (C:\Users\Lin\AppData\Local\Programs\MiKTeX\tex/latex/todonotes\todonotes.sty
Package: todonotes 2024/01/05 v1.1.7 Todonotes source and documentation.
Package: todonotes 2024/01/05
 (C:\Users\Lin\AppData\Local\Programs\MiKTeX\tex/latex/xkeyval\xkeyval.sty
Package: xkeyval 2022/06/16 v2.9 package option processing (HA)
 (C:\Users\Lin\AppData\Local\Programs\MiKTeX\tex/generic/xkeyval\xkeyval.tex (C:\Users\Lin\AppData\Local\Programs\MiKTeX\tex/generic/xkeyval\xkvutils.tex
\XKV@toks=\toks47
\XKV@tempa@toks=\toks48
)
\XKV@depth=\count495
File: xkeyval.tex 2014/12/03 v2.7a key=value parser (HA)
)) (C:\Users\Lin\AppData\Local\Programs\MiKTeX\tex/generic/pgf/frontendlayer/tikz/libraries\tikzlibrarypositioning.code.tex
File: tikzlibrarypositioning.code.tex 2023-01-15 v3.1.10 (3.1.10)
)
\c@@todonotes@numberoftodonotes=\count496
) (C:\Users\Lin\AppData\Local\Programs\MiKTeX\tex/latex/listingsutf8\listingsutf8.sty
Package: listingsutf8 2019-12-10 v1.5 Allow UTF-8 in listings input (HO)
 (C:\Users\Lin\AppData\Local\Programs\MiKTeX\tex/latex/listings\listings.sty
\lst@mode=\count497
\lst@gtempboxa=\box83
\lst@token=\toks49
\lst@length=\count498
\lst@currlwidth=\dimen340
\lst@column=\count499
\lst@pos=\count500
\lst@lostspace=\dimen341
\lst@width=\dimen342
\lst@newlines=\count501
\lst@lineno=\count502
\lst@maxwidth=\dimen343
 (C:\Users\Lin\AppData\Local\Programs\MiKTeX\tex/latex/listings\lstpatch.sty
File: lstpatch.sty 2024/03/11 1.10a (Carsten Heinz)
) (C:\Users\Lin\AppData\Local\Programs\MiKTeX\tex/latex/listings\lstmisc.sty
File: lstmisc.sty 2024/03/11 1.10a (Carsten Heinz)
\c@lstnumber=\count503
\lst@skipnumbers=\count504
\lst@framebox=\box84
) (C:\Users\Lin\AppData\Local\Programs\MiKTeX\tex/latex/listings\listings.cfg
File: listings.cfg 2024/03/11 1.10a listings configuration
))
Package: listings 2024/03/11 1.10a (Carsten Heinz)
 (C:\Users\Lin\AppData\Local\Programs\MiKTeX\tex/xelatex/xecjk\xeCJK-listings.sty
Package: xeCJK-listings 2022/08/05 v3.9.1 xeCJK patch file for listings
\l__xeCJK_listings_max_char_int=\count505
\l__xeCJK_listings_flag_int=\count506
)

Package listingsutf8 Warning: Package loading is aborted because of missing \pdf@unescapehex.
(listingsutf8)                It is provided by pdfTeX >= 1.30.

) (macros_preamble.tex (C:\Users\Lin\AppData\Local\Programs\MiKTeX\tex/latex/xpatch\xpatch.sty
Package: xpatch 2020/03/25 v0.3a Extending etoolbox patching commands
)) (C:\Users\Lin\AppData\Local\Programs\MiKTeX\tex/latex/hyperref\hyperref.sty
Package: hyperref 2024-01-20 v7.01h Hypertext links for LaTeX
 (C:\Users\Lin\AppData\Local\Programs\MiKTeX\tex/generic/kvdefinekeys\kvdefinekeys.sty
Package: kvdefinekeys 2019-12-19 v1.6 Define keys (HO)
) (C:\Users\Lin\AppData\Local\Programs\MiKTeX\tex/generic/pdfescape\pdfescape.sty
Package: pdfescape 2019/12/09 v1.15 Implements pdfTeX's escape features (HO)
) (C:\Users\Lin\AppData\Local\Programs\MiKTeX\tex/latex/hycolor\hycolor.sty
Package: hycolor 2020-01-27 v1.10 Color options for hyperref/bookmark (HO)
) (C:\Users\Lin\AppData\Local\Programs\MiKTeX\tex/latex/auxhook\auxhook.sty
Package: auxhook 2019-12-17 v1.6 Hooks for auxiliary files (HO)
) (C:\Users\Lin\AppData\Local\Programs\MiKTeX\tex/latex/hyperref\nameref.sty
Package: nameref 2023-11-26 v2.56 Cross-referencing by name of section
 (C:\Users\Lin\AppData\Local\Programs\MiKTeX\tex/latex/refcount\refcount.sty
Package: refcount 2019/12/15 v3.6 Data extraction from label references (HO)
) (C:\Users\Lin\AppData\Local\Programs\MiKTeX\tex/generic/gettitlestring\gettitlestring.sty
Package: gettitlestring 2019/12/15 v1.6 Cleanup title references (HO)
)
\c@section@level=\count507
)
\@linkdim=\dimen344
\Hy@linkcounter=\count508
\Hy@pagecounter=\count509
 (C:\Users\Lin\AppData\Local\Programs\MiKTeX\tex/latex/hyperref\pd1enc.def
File: pd1enc.def 2024-01-20 v7.01h Hyperref: PDFDocEncoding definition (HO)
) (C:\Users\Lin\AppData\Local\Programs\MiKTeX\tex/generic/intcalc\intcalc.sty
Package: intcalc 2019/12/15 v1.3 Expandable calculations with integers (HO)
)
\Hy@SavedSpaceFactor=\count510
 (C:\Users\Lin\AppData\Local\Programs\MiKTeX\tex/latex/hyperref\puenc.def
File: puenc.def 2024-01-20 v7.01h Hyperref: PDF Unicode definition (HO)
)
Package hyperref Info: Hyper figures OFF on input line 4179.
Package hyperref Info: Link nesting OFF on input line 4184.
Package hyperref Info: Hyper index ON on input line 4187.
Package hyperref Info: Plain pages OFF on input line 4194.
Package hyperref Info: Backreferencing OFF on input line 4199.
Package hyperref Info: Implicit mode ON; LaTeX internals redefined.
Package hyperref Info: Bookmarks ON on input line 4446.
\c@Hy@tempcnt=\count511
LaTeX Info: Redefining \url on input line 4784.
\XeTeXLinkMargin=\dimen345
 (C:\Users\Lin\AppData\Local\Programs\MiKTeX\tex/generic/bitset\bitset.sty
Package: bitset 2019/12/09 v1.3 Handle bit-vector datatype (HO)
 (C:\Users\Lin\AppData\Local\Programs\MiKTeX\tex/generic/bigintcalc\bigintcalc.sty
Package: bigintcalc 2019/12/15 v1.5 Expandable calculations on big integers (HO)
))
\Fld@menulength=\count512
\Field@Width=\dimen346
\Fld@charsize=\dimen347
Package hyperref Info: Hyper figures OFF on input line 6063.
Package hyperref Info: Link nesting OFF on input line 6068.
Package hyperref Info: Hyper index ON on input line 6071.
Package hyperref Info: backreferencing OFF on input line 6078.
Package hyperref Info: Link coloring OFF on input line 6083.
Package hyperref Info: Link coloring with OCG OFF on input line 6088.
Package hyperref Info: PDF/A mode OFF on input line 6093.
 (C:\Users\Lin\AppData\Local\Programs\MiKTeX\tex/latex/base\atbegshi-ltx.sty
Package: atbegshi-ltx 2021/01/10 v1.0c Emulation of the original atbegshi
package with kernel methods
)
\Hy@abspage=\count513
\c@Item=\count514
\c@Hfootnote=\count515
)
Package hyperref Info: Driver (autodetected): hxetex.
 (C:\Users\Lin\AppData\Local\Programs\MiKTeX\tex/latex/hyperref\hxetex.def
File: hxetex.def 2024-01-20 v7.01h Hyperref driver for XeTeX
 (C:\Users\Lin\AppData\Local\Programs\MiKTeX\tex/generic/stringenc\stringenc.sty
Package: stringenc 2019/11/29 v1.12 Convert strings between diff. encodings (HO)
)
\pdfm@box=\box85
\c@Hy@AnnotLevel=\count516
\HyField@AnnotCount=\count517
\Fld@listcount=\count518
\c@bookmark@seq@number=\count519
 (C:\Users\Lin\AppData\Local\Programs\MiKTeX\tex/latex/rerunfilecheck\rerunfilecheck.sty
Package: rerunfilecheck 2022-07-10 v1.10 Rerun checks for auxiliary files (HO)
 (C:\Users\Lin\AppData\Local\Programs\MiKTeX\tex/latex/base\atveryend-ltx.sty
Package: atveryend-ltx 2020/08/19 v1.0a Emulation of the original atveryend package
with kernel methods
) (C:\Users\Lin\AppData\Local\Programs\MiKTeX\tex/generic/uniquecounter\uniquecounter.sty
Package: uniquecounter 2019/12/15 v1.4 Provide unlimited unique counter (HO)
)
Package uniquecounter Info: New unique counter `rerunfilecheck' on input line 285.
)
\Hy@SectionHShift=\skip126
) (C:\Users\Lin\AppData\Local\Programs\MiKTeX\tex/latex/cleveref\cleveref.sty
Package: cleveref 2018/03/27 v0.21.4 Intelligent cross-referencing
Package cleveref Info: `hyperref' support loaded on input line 2370.
LaTeX Info: Redefining \cref on input line 2370.
LaTeX Info: Redefining \Cref on input line 2370.
LaTeX Info: Redefining \crefrange on input line 2370.
LaTeX Info: Redefining \Crefrange on input line 2370.
LaTeX Info: Redefining \cpageref on input line 2370.
LaTeX Info: Redefining \Cpageref on input line 2370.
LaTeX Info: Redefining \cpagerefrange on input line 2370.
LaTeX Info: Redefining \Cpagerefrange on input line 2370.
LaTeX Info: Redefining \labelcref on input line 2370.
LaTeX Info: Redefining \labelcpageref on input line 2370.
Package cleveref Info: `listings' support loaded on input line 3131.
) (sppmgTools.sty
Package: sppmgTools 2016/11/29 by sppmg
))) (C:\Users\Lin\AppData\Local\Programs\MiKTeX\tex/latex/standalone\standalone.sty
Package: standalone 2022/10/10 v1.3b Package to include TeX sub-files with preambles
 (C:\Users\Lin\AppData\Local\Programs\MiKTeX\tex/latex/currfile\currfile.sty
Package: currfile 2024/03/14 v1.0 Provides the file path elements of the current input file
 (C:\Users\Lin\AppData\Local\Programs\MiKTeX\tex/latex/filehook\filehook.sty
Package: filehook 2022/10/25 v0.8b Hooks for input files
 (C:\Users\Lin\AppData\Local\Programs\MiKTeX\tex/latex/filehook\filehook-2020.sty
Package: filehook-2020 2022/10/25 v0.8b Hooks for input files
))
\c@currfiledepth=\count520
)
\sa@out=\write5
 (main.sta) (C:\Users\Lin\AppData\Local\Programs\MiKTeX\tex/latex/gincltex\gincltex.sty (C:\Users\Lin\AppData\Local\Programs\MiKTeX\tex/latex/svn-prov\svn-prov.sty
Package: svn-prov 2010/04/24 v3.1862 Package Date/Version from SVN Keywords
)
Package: gincltex 2011/09/04 v0.3 Include external LaTeX files like graphics
 (C:\Users\Lin\AppData\Local\Programs\MiKTeX\tex/latex/adjustbox\adjustbox.sty
Package: adjustbox 2022/10/17 v1.3a Adjusting TeX boxes (trim, clip, ...)
 (C:\Users\Lin\AppData\Local\Programs\MiKTeX\tex/latex/adjustbox\adjcalc.sty
Package: adjcalc 2012/05/16 v1.1 Provides advanced setlength with multiple back-ends (calc, etex, pgfmath)
) (C:\Users\Lin\AppData\Local\Programs\MiKTeX\tex/latex/adjustbox\trimclip.sty
Package: trimclip 2020/08/19 v1.2 Trim and clip general TeX material
 (C:\Users\Lin\AppData\Local\Programs\MiKTeX\tex/latex/collectbox\collectbox.sty
Package: collectbox 2022/10/17 v0.4c Collect macro arguments as boxes
\collectedbox=\box86
)
\tc@llx=\dimen348
\tc@lly=\dimen349
\tc@urx=\dimen350
\tc@ury=\dimen351
Package trimclip Info: Using driver 'tc-xetex.def'.
 (C:\Users\Lin\AppData\Local\Programs\MiKTeX\tex/latex/adjustbox\tc-xetex.def
File: tc-xetex.def 2019/01/04 v2.2 Clipping driver for xetex
))
\adjbox@Width=\dimen352
\adjbox@Height=\dimen353
\adjbox@Depth=\dimen354
\adjbox@Totalheight=\dimen355
\adjbox@pwidth=\dimen356
\adjbox@pheight=\dimen357
\adjbox@pdepth=\dimen358
\adjbox@ptotalheight=\dimen359
 (C:\Users\Lin\AppData\Local\Programs\MiKTeX\tex/latex/ifoddpage\ifoddpage.sty
Package: ifoddpage 2022/10/18 v1.2 Conditionals for odd/even page detection
\c@checkoddpage=\count521
) (C:\Users\Lin\AppData\Local\Programs\MiKTeX\tex/latex/varwidth\varwidth.sty
Package: varwidth 2009/03/30 ver 0.92;  Variable-width minipages
\@vwid@box=\box87
\sift@deathcycles=\count522
\@vwid@loff=\dimen360
\@vwid@roff=\dimen361
))
\gincltex@box=\box88
))
\symCJKmath=\mathgroup255
LaTeX Font Info:    Overwriting symbol font `CJKmath' in version `bold'
(Font)                  TU/DFKai-SB(0)/m/n --> TU/DFKai-SB(0)/b/n on input line 20.
\@quotelevel=\count523
\@quotereset=\count524
Package translations Info: No language package found. I am going to use `english' as default language. on input line 20.
 (main.aux)
\openout1 = `main.aux'.

LaTeX Font Info:    Checking defaults for OML/cmm/m/it on input line 20.
LaTeX Font Info:    ... okay on input line 20.
LaTeX Font Info:    Checking defaults for OMS/cmsy/m/n on input line 20.
LaTeX Font Info:    ... okay on input line 20.
LaTeX Font Info:    Checking defaults for OT1/cmr/m/n on input line 20.
LaTeX Font Info:    ... okay on input line 20.
LaTeX Font Info:    Checking defaults for T1/cmr/m/n on input line 20.
LaTeX Font Info:    ... okay on input line 20.
LaTeX Font Info:    Checking defaults for TS1/cmr/m/n on input line 20.
LaTeX Font Info:    Trying to load font information for TS1+cmr on input line 20.
 (C:\Users\Lin\AppData\Local\Programs\MiKTeX\tex/latex/base\ts1cmr.fd
File: ts1cmr.fd 2023/04/13 v2.5m Standard LaTeX font definitions
)
LaTeX Font Info:    ... okay on input line 20.
LaTeX Font Info:    Checking defaults for TU/lmr/m/n on input line 20.
LaTeX Font Info:    ... okay on input line 20.
LaTeX Font Info:    Checking defaults for OMX/cmex/m/n on input line 20.
LaTeX Font Info:    ... okay on input line 20.
LaTeX Font Info:    Checking defaults for U/cmr/m/n on input line 20.
LaTeX Font Info:    ... okay on input line 20.
LaTeX Font Info:    Checking defaults for PD1/pdf/m/n on input line 20.
LaTeX Font Info:    ... okay on input line 20.
LaTeX Font Info:    Checking defaults for PU/pdf/m/n on input line 20.
LaTeX Font Info:    ... okay on input line 20.

Package fontspec Info: Adjusting the maths setup (use [no-math] to avoid
(fontspec)             this).

\symlegacymaths=\mathgroup6
LaTeX Font Info:    Overwriting symbol font `legacymaths' in version `bold'
(Font)                  OT1/cmr/m/n --> OT1/cmr/bx/n on input line 20.
LaTeX Font Info:    Redeclaring math accent \acute on input line 20.
LaTeX Font Info:    Redeclaring math accent \grave on input line 20.
LaTeX Font Info:    Redeclaring math accent \ddot on input line 20.
LaTeX Font Info:    Redeclaring math accent \tilde on input line 20.
LaTeX Font Info:    Redeclaring math accent \bar on input line 20.
LaTeX Font Info:    Redeclaring math accent \breve on input line 20.
LaTeX Font Info:    Redeclaring math accent \check on input line 20.
LaTeX Font Info:    Redeclaring math accent \hat on input line 20.
LaTeX Font Info:    Redeclaring math accent \dot on input line 20.
LaTeX Font Info:    Redeclaring math accent \mathring on input line 20.
LaTeX Font Info:    Redeclaring math symbol \Gamma on input line 20.
LaTeX Font Info:    Redeclaring math symbol \Delta on input line 20.
LaTeX Font Info:    Redeclaring math symbol \Theta on input line 20.
LaTeX Font Info:    Redeclaring math symbol \Lambda on input line 20.
LaTeX Font Info:    Redeclaring math symbol \Xi on input line 20.
LaTeX Font Info:    Redeclaring math symbol \Pi on input line 20.
LaTeX Font Info:    Redeclaring math symbol \Sigma on input line 20.
LaTeX Font Info:    Redeclaring math symbol \Upsilon on input line 20.
LaTeX Font Info:    Redeclaring math symbol \Phi on input line 20.
LaTeX Font Info:    Redeclaring math symbol \Psi on input line 20.
LaTeX Font Info:    Redeclaring math symbol \Omega on input line 20.
LaTeX Font Info:    Redeclaring math symbol \mathdollar on input line 20.
LaTeX Font Info:    Redeclaring symbol font `operators' on input line 20.
LaTeX Font Info:    Encoding `OT1' has changed to `TU' for symbol font
(Font)              `operators' in the math version `normal' on input line 20.
LaTeX Font Info:    Overwriting symbol font `operators' in version `normal'
(Font)                  OT1/cmr/m/n --> TU/TimesNewRoman(0)/m/n on input line 20.
LaTeX Font Info:    Encoding `OT1' has changed to `TU' for symbol font
(Font)              `operators' in the math version `bold' on input line 20.
LaTeX Font Info:    Overwriting symbol font `operators' in version `bold'
(Font)                  OT1/cmr/bx/n --> TU/TimesNewRoman(0)/m/n on input line 20.
LaTeX Font Info:    Overwriting symbol font `operators' in version `normal'
(Font)                  TU/TimesNewRoman(0)/m/n --> TU/TimesNewRoman(0)/m/n on input line 20.
LaTeX Font Info:    Overwriting math alphabet `\mathit' in version `normal'
(Font)                  OT1/cmr/m/it --> TU/TimesNewRoman(0)/m/it on input line 20.
LaTeX Font Info:    Overwriting math alphabet `\mathbf' in version `normal'
(Font)                  OT1/cmr/bx/n --> TU/TimesNewRoman(0)/b/n on input line 20.
LaTeX Font Info:    Overwriting math alphabet `\mathsf' in version `normal'
(Font)                  OT1/cmss/m/n --> TU/TimesNewRoman(0)/m/n on input line 20.
LaTeX Font Info:    Overwriting math alphabet `\mathtt' in version `normal'
(Font)                  OT1/cmtt/m/n --> TU/TimesNewRoman(1)/m/n on input line 20.
LaTeX Font Info:    Overwriting symbol font `operators' in version `bold'
(Font)                  TU/TimesNewRoman(0)/m/n --> TU/TimesNewRoman(0)/b/n on input line 20.
LaTeX Font Info:    Overwriting math alphabet `\mathit' in version `bold'
(Font)                  OT1/cmr/bx/it --> TU/TimesNewRoman(0)/b/it on input line 20.
LaTeX Font Info:    Overwriting math alphabet `\mathsf' in version `bold'
(Font)                  OT1/cmss/bx/n --> TU/TimesNewRoman(0)/b/n on input line 20.
LaTeX Font Info:    Overwriting math alphabet `\mathtt' in version `bold'
(Font)                  OT1/cmtt/m/n --> TU/TimesNewRoman(1)/b/n on input line 20.

*geometry* driver: auto-detecting
*geometry* detected driver: xetex
*geometry* verbose mode - [ preamble ] result:
* driver: xetex
* paper: a4paper
* layout: <same size as paper>
* layoutoffset:(h,v)=(0.0pt,0.0pt)
* modes: 
* h-part:(L,W,R)=(85.35826pt, 455.24411pt, 56.9055pt)
* v-part:(T,H,B)=(71.13188pt, 702.78308pt, 71.13188pt)
* \paperwidth=597.50787pt
* \paperheight=845.04684pt
* \textwidth=455.24411pt
* \textheight=702.78308pt
* \oddsidemargin=13.08827pt
* \evensidemargin=13.08827pt
* \topmargin=-40.1381pt
* \headheight=14.0pt
* \headsep=25.0pt
* \topskip=14.0pt
* \footskip=30.0pt
* \marginparwidth=56.9055pt
* \marginparsep=10.0pt
* \columnsep=10.0pt
* \skip\footins=12.0pt plus 4.0pt minus 2.0pt
* \hoffset=0.0pt
* \voffset=0.0pt
* \mag=1000
* \@twocolumnfalse
* \@twosidefalse
* \@mparswitchfalse
* \@reversemargintrue
* (1in=72.27pt=25.4mm, 1cm=28.453pt)

Package biblatex Info: Trying to load language 'english'...
Package biblatex Info: ... file 'english.lbx' found.
(C:\Users\Lin\AppData\Local\Programs\MiKTeX\tex/latex/biblatex/lbx\english.lbx
File: english.lbx 2024/03/21 v3.20 biblatex localization (PK/MW)
)
Package biblatex Info: XeTeX detected.
(biblatex)             Assuming input encoding 'utf8'.
Package biblatex Info: Automatic encoding selection.
(biblatex)             Assuming data encoding 'utf8'.
\openout3 = `main.bcf'.

Package biblatex Info: Trying to load bibliographic data...
Package biblatex Info: ... file 'main.bbl' found.
 (main.bbl)
Package biblatex Info: Reference section=0 on input line 20.
Package biblatex Info: Reference segment=0 on input line 20.
 (C:\Users\Lin\AppData\Local\Programs\MiKTeX\tex/latex/pdflscape\pdflscape.sty
Package: pdflscape 2022-10-27 v0.13 Display of landscape pages in PDF
 (C:\Users\Lin\AppData\Local\Programs\MiKTeX\tex/latex/pdflscape\pdflscape-nometadata.sty
Package: pdflscape-nometadata 2022-10-28 v0.13 Display of landscape pages in PDF (HO)
 (C:\Users\Lin\AppData\Local\Programs\MiKTeX\tex/latex/graphics\lscape.sty
Package: lscape 2020/05/28 v3.02 Landscape Pages (DPC)
)
Package pdflscape Info: Auto-detected driver: dvipdfm (xetex) on input line 98.
))
Package caption Info: Begin \AtBeginDocument code.
Package caption Info: float package is loaded.
Package caption Info: floatrow package is loaded.
Package caption Info: floatrow package is loaded.
Package caption Info: hyperref package is loaded.
Package caption Info: listings package is loaded.
Package caption Info: End \AtBeginDocument code.
 (C:\Users\Lin\AppData\Local\Programs\MiKTeX\tex/latex/translations/dicts\translations-basic-dictionary-english.trsl
File: translations-basic-dictionary-english.trsl (english translation file `translations-basic-dictionary')
)
Package translations Info: loading dictionary `translations-basic-dictionary' for `english'. on input line 20.

Package chemgreek Info: Activating mapping `fontspec' on line 20.

\c@lstlisting=\count525
 (C:\Users\Lin\AppData\Local\Programs\MiKTeX\tex/latex/base\inputenc.sty
Package: inputenc 2021/02/14 v1.3d Input encoding file
\inpenc@prehook=\toks50
\inpenc@posthook=\toks51
) (macros_document.tex)
Package hyperref Info: Link coloring OFF on input line 20.
 (main.out) (main.out)
\@outlinefile=\write6
\openout6 = `main.out'.

 (main.sta)
\openout5 = `main.sta'.

 (chapters/titlepage.tex
\g_sppmg_profTotal_int=\count526
*geometry* verbose mode - [ newgeometry ] result:
* driver: xetex
* paper: a4paper
* layout: <same size as paper>
* layoutoffset:(h,v)=(0.0pt,0.0pt)
* modes: 
* h-part:(L,W,R)=(56.9055pt, 483.69687pt, 56.9055pt)
* v-part:(T,H,B)=(71.13188pt, 702.78308pt, 71.13188pt)
* \paperwidth=597.50787pt
* \paperheight=845.04684pt
* \textwidth=483.69687pt
* \textheight=702.78308pt
* \oddsidemargin=-15.36449pt
* \evensidemargin=-15.36449pt
* \topmargin=-40.1381pt
* \headheight=14.0pt
* \headsep=25.0pt
* \topskip=14.0pt
* \footskip=30.0pt
* \marginparwidth=56.9055pt
* \marginparsep=10.0pt
* \columnsep=10.0pt
* \skip\footins=12.0pt plus 4.0pt minus 2.0pt
* \hoffset=0.0pt
* \voffset=0.0pt
* \mag=1000
* \@twocolumnfalse
* \@twosidefalse
* \@mparswitchfalse
* \@reversemarginfalse
* (1in=72.27pt=25.4mm, 1cm=28.453pt)

LaTeX Font Info:    Calculating math sizes for size <16> on input line 73.


LaTeX Font Warning: Font shape `OML/cmm/m/it' in size <16> not available
(Font)              size <17.28> substituted on input line 73.


LaTeX Font Warning: Font shape `OMS/cmsy/m/n' in size <16> not available
(Font)              size <17.28> substituted on input line 73.

LaTeX Font Info:    Trying to load font information for U+msa on input line 73.
(C:\Users\Lin\AppData\Local\Programs\MiKTeX\tex/latex/amsfonts\umsa.fd
File: umsa.fd 2013/01/14 v3.01 AMS symbols A
)
LaTeX Font Info:    Trying to load font information for U+msb on input line 73.
 (C:\Users\Lin\AppData\Local\Programs\MiKTeX\tex/latex/amsfonts\umsb.fd
File: umsb.fd 2013/01/14 v3.01 AMS symbols B
)

LaTeX Font Warning: Font shape `OT1/cmr/m/n' in size <16> not available
(Font)              size <17.28> substituted on input line 73.

[1




]) (chapters/abstract_zh.tex) (chapters/abstract_en.tex [1




]) (chapters/acknowledgements.tex
Overfull \hbox (0.52563pt too wide) in paragraph at lines 9--3
\TU/TimesNewRoman(0)/b/n/14.4 Keywords: \TU/TimesNewRoman(0)/m/n/14.4 Music Informaation Retrieval, Music Source Separation, Automatic
 []

[2

]) [3

] (main.toc [4


])
\tf@toc=\write7
\openout7 = `main.toc'.

 [5] (main.lof)
\tf@lof=\write8
\openout8 = `main.lof'.

 [6

] (main.lot)
\tf@lot=\write9
\openout9 = `main.lot'.

 [7

] (chapters/chapter1_introduction.tex
 1.
[1


] [2] [3] [4]) (chapters/chapter2_background_and_related_work.tex
 2.
[5

]) (chapters/chapter3_method.tex [6]
 3.
File: ./figures/fig-system-structure-overview.png Graphic file (type bmp)
<./figures/fig-system-structure-overview.png>
[7

] [8] [9]
Overfull \hbox (0.4595pt too wide) in paragraph at lines 74--77
\TU/DFKai-SB(0)/m/n/14.4    $\OML/cmm/m/it/14.4 C \OMS/cmsy/m/n/14.4 2 \U/msb/m/n/14.4 R[]$\TU/DFKai-SB(0)/m/n/14.4 | [][][][][][] 
 []

[10] [11]) (chapters/chapter4_experiment_and_result.tex
 4.
[12

]

LaTeX Warning: `h' float specifier changed to `ht'.


LaTeX Warning: `h' float specifier changed to `ht'.

[13] [14] [15

] [16]) (chapters/chapter5_conclusion.tex
 5.
) [17

] (chapters/bibliography.tex) [18


] (main.aux)
 ***********
LaTeX2e <2023-11-01> patch level 1
L3 programming layer <2020/03/25>
 ***********


 *File List*
NCU_thesis.cls    2018/01/18 by sppmg
thesis_base.cls    2019/04/07 by sppmg
   iftex.sty    2022/02/03 v1.0f TeX engine tests
  ifthen.sty    2022/04/13 v1.1d Standard LaTeX ifthen package (DPC)
etoolbox.sty    2020/10/05 v2.5k e-TeX tools for LaTeX (JAW)
ifplatform.sty    2017/10/13 v0.4a Testing for the operating system
shellesc.sty    2023/07/08 v1.0d unified shell escape interface for LaTeX
pdftexcmds.sty    2020-06-27 v0.33 Utility functions of pdfTeX for LuaTeX (HO)
infwarerr.sty    2019/12/03 v1.5 Providing info/warning/error messages (HO)
 ltxcmds.sty    2023-12-04 v1.26 LaTeX kernel commands for general use (HO)
catchfile.sty    2019/12/09 v1.8 Catch the contents of a file (HO)
etexcmds.sty    2019/12/15 v1.7 Avoid name clashes with e-TeX commands (HO)
ifluatex.sty    2019/10/25 v1.5 ifluatex legacy package. Use iftex instead.
  xparse.sty    2024-03-14 L3 Experimental document command parser
   expl3.sty    2024-03-14 L3 programming layer (loader) 
l3backend-xetex.def    2024-03-14 L3 backend support: XeTeX
./config.tex
 extbook.cls    1999/01/07 v1.4a NON-Standard LaTeX document class
  size14.clo    1999/11/11 v1.4a NON-Standard LaTeX file (size option)
 exscale.sty    2018/09/24 v2.1i Standard LaTeX package exscale
fontspec.sty    2024/02/13 v2.9a Font selection for XeLaTeX and LuaLaTeX
fontspec-xetex.sty    2024/02/13 v2.9a Font selection for XeLaTeX and LuaLaTeX
 fontenc.sty    2021/04/29 v2.0v Standard LaTeX package
fontspec.cfg
   xeCJK.sty    2022/08/05 v3.9.1 Typesetting CJK scripts with XeLaTeX
ctexhook.sty    2022/07/14 v2.5.10 Document and package hooks (CTEX)
xtemplate.sty    2023-10-10 L3 Experimental prototype document functions
xtemplate-2023-10-10.sty
   xeCJK.cfg    2022/08/05 v3.9.1 Configuration file for xeCJK package
zhnumber.sty    2022/07/14 v3.0 Typesetting numbers with Chinese glyphs
zhnumber-utf8.cfg    2022/07/14 v3.0 Chinese numerals with UTF8 encoding
geometry.sty    2020/01/02 v5.9 Page Geometry
  keyval.sty    2022/05/29 v1.15 key=value parser (DPC)
  ifvtex.sty    2019/10/25 v1.7 ifvtex legacy package. Use iftex instead.
geometry.cfg
  xcolor.sty    2023/11/15 v3.01 LaTeX color extensions (UK)
   color.cfg    2016/01/02 v1.6 sample color configuration
   xetex.def    2022/09/22 v5.0n Graphics/color driver for xetex
mathcolor.ltx
indentfirst.sty    2023/07/02 v1.03 Indent first paragraph (DPC)
titlesec.sty    2023/10/27 v2.16 Sectioning titles
titletoc.sty    2023/10/27 v2.16 TOC entries
fancyhdr.sty    2022/11/09 v4.1 Extensive control of page headers and footers
setspace.sty    2022/12/04 v6.7b set line spacing
biblatex.sty    2024/03/21 v3.20 programmable bibliographies (PK/MW)
kvoptions.sty    2022-06-15 v3.15 Key value format for package options (HO)
kvsetkeys.sty    2022-10-05 v1.19 Key value parser (HO)
  logreq.sty    2010/08/04 v1.0 xml request logger
  logreq.def    2010/08/04 v1.0 logreq spec v1.0
     url.sty    2013/09/16  ver 3.4  Verb mode for urls, etc.
  blx-dm.def    2024/03/21 v3.20 biblatex datamodel (PK/MW)
blx-unicode.def
blx-compat.def    2024/03/21 v3.20 biblatex compatibility (PK/MW)
biblatex.def    2024/03/21 v3.20 biblatex compatibility (PK/MW)
standard.bbx    2024/03/21 v3.20 biblatex bibliography style (PK/MW)
 numeric.bbx    2024/03/21 v3.20 biblatex bibliography style (PK/MW)
numeric-comp.bbx    2024/03/21 v3.20 biblatex bibliography style (PK/MW)
    ieee.bbx    2021/12/06 v1.3f biblatex bibliography style
numeric-comp.cbx    2024/03/21 v3.20 biblatex citation style (PK/MW)
    ieee.cbx    2021/12/06 v1.3f biblatex citation style
biblatex.cfg    
blx-case-expl3.sty    2024/03/21 v3.20 expl3 case changing code for biblatex
    tikz.sty    2023-01-15 v3.1.10 (3.1.10)
     pgf.sty    2023-01-15 v3.1.10 (3.1.10)
  pgfrcs.sty    2023-01-15 v3.1.10 (3.1.10)
pgfrcs.code.tex
 pgfcore.sty    2023-01-15 v3.1.10 (3.1.10)
graphicx.sty    2021/09/16 v1.2d Enhanced LaTeX Graphics (DPC,SPQR)
graphics.sty    2022/03/10 v1.4e Standard LaTeX Graphics (DPC,SPQR)
    trig.sty    2021/08/11 v1.11 sin cos tan (DPC)
graphics.cfg    2016/06/04 v1.11 sample graphics configuration
  pgfsys.sty    2023-01-15 v3.1.10 (3.1.10)
pgfsys.code.tex
pgfsyssoftpath.code.tex    2023-01-15 v3.1.10 (3.1.10)
pgfsysprotocol.code.tex    2023-01-15 v3.1.10 (3.1.10)
pgfcore.code.tex
pgfcomp-version-0-65.sty    2023-01-15 v3.1.10 (3.1.10)
pgfcomp-version-1-18.sty    2023-01-15 v3.1.10 (3.1.10)
  pgffor.sty    2023-01-15 v3.1.10 (3.1.10)
 pgfkeys.sty    
pgfkeys.code.tex
 pgfmath.sty    
pgfmath.code.tex
pgffor.code.tex
tikz.code.tex
pdfpages.sty    2024/01/21 v0.5y Insert pages of external PDF documents (AM)
    calc.sty    2023/07/08 v4.3 Infix arithmetic (KKT,FJ)
 eso-pic.sty    2023/05/03 v3.0c eso-pic (RN)
 ppxetex.def    2024/01/21 v0.5y Pdfpages driver for XeTeX (AM)
 caption.sty    2023/08/05 v3.6o Customizing captions (AR)
caption3.sty    2023/07/31 v2.4d caption3 kernel (AR)
subcaption.sty    2023/07/28 v1.6b Sub-captions (AR)
placeins.sty    2005/04/18  v 2.2
tabularx.sty    2023/07/08 v2.11c `tabularx' package (DPC)
   array.sty    2023/10/16 v2.5g Tabular extension package (FMi)
multirow.sty    2021/03/15 v2.8 Span multiple rows of a table
colortbl.sty    2024/02/20 v1.0g Color table columns (DPC)
floatrow.sty    2008/08/02 v0.3b floatrow: float package extension
amsfonts.sty    2013/01/14 v3.01 Basic AMSFonts support
 amsmath.sty    2023/05/13 v2.17o AMS math features
 amstext.sty    2021/08/26 v2.01 AMS text
  amsgen.sty    1999/11/30 v2.0 generic functions
  amsbsy.sty    1999/11/29 v1.2d Bold Symbols
  amsopn.sty    2022/04/08 v2.04 operator names
 siunitx.sty    2024-04-15 v3.3.14 A comprehensive (SI) units package
translations.sty    2022/02/05 v1.12 internationalization of LaTeX2e packages (CN)
  mhchem.sty    2024/01/29 v4.10 for typesetting chemical formulae
l3keys2e.sty    2024-03-14 LaTeX2e option processing using LaTeX3 keys
chemgreek.sty    2020/01/16 v1.1a interface for upright Greek letters for use in chemistry (CN)
todonotes.sty    2024/01/05
 xkeyval.sty    2022/06/16 v2.9 package option processing (HA)
 xkeyval.tex    2014/12/03 v2.7a key=value parser (HA)
listingsutf8.sty    2019-12-10 v1.5 Allow UTF-8 in listings input (HO)
listings.sty    2024/03/11 1.10a (Carsten Heinz)
lstpatch.sty    2024/03/11 1.10a (Carsten Heinz)
 lstmisc.sty    2024/03/11 1.10a (Carsten Heinz)
listings.cfg    2024/03/11 1.10a listings configuration
xeCJK-listings.sty    2022/08/05 v3.9.1 xeCJK patch file for listings
./macros_preamble.tex
  xpatch.sty    2020/03/25 v0.3a Extending etoolbox patching commands
hyperref.sty    2024-01-20 v7.01h Hypertext links for LaTeX
kvdefinekeys.sty    2019-12-19 v1.6 Define keys (HO)
pdfescape.sty    2019/12/09 v1.15 Implements pdfTeX's escape features (HO)
 hycolor.sty    2020-01-27 v1.10 Color options for hyperref/bookmark (HO)
 auxhook.sty    2019-12-17 v1.6 Hooks for auxiliary files (HO)
 nameref.sty    2023-11-26 v2.56 Cross-referencing by name of section
refcount.sty    2019/12/15 v3.6 Data extraction from label references (HO)
gettitlestring.sty    2019/12/15 v1.6 Cleanup title references (HO)
  pd1enc.def    2024-01-20 v7.01h Hyperref: PDFDocEncoding definition (HO)
 intcalc.sty    2019/12/15 v1.3 Expandable calculations with integers (HO)
   puenc.def    2024-01-20 v7.01h Hyperref: PDF Unicode definition (HO)
  bitset.sty    2019/12/09 v1.3 Handle bit-vector datatype (HO)
bigintcalc.sty    2019/12/15 v1.5 Expandable calculations on big integers (HO)
atbegshi-ltx.sty    2021/01/10 v1.0c Emulation of the original atbegshi
package with kernel methods
  hxetex.def    2024-01-20 v7.01h Hyperref driver for XeTeX
stringenc.sty    2019/11/29 v1.12 Convert strings between diff. encodings (HO)
rerunfilecheck.sty    2022-07-10 v1.10 Rerun checks for auxiliary files (HO)
atveryend-ltx.sty    2020/08/19 v1.0a Emulation of the original atveryend package
with kernel methods
uniquecounter.sty    2019/12/15 v1.4 Provide unlimited unique counter (HO)
cleveref.sty    2018/03/27 v0.21.4 Intelligent cross-referencing
sppmgTools.sty    2016/11/29 by sppmg
standalone.sty    2022/10/10 v1.3b Package to include TeX sub-files with preambles
currfile.sty    2024/03/14 v1.0 Provides the file path elements of the current input file
filehook.sty    2022/10/25 v0.8b Hooks for input files
filehook-2020.sty    2022/10/25 v0.8b Hooks for input files
    main.sta
gincltex.sty    2011/09/04 v0.3 Include external LaTeX files like graphics
svn-prov.sty    2010/04/24 v3.1862 Package Date/Version from SVN Keywords
adjustbox.sty    2022/10/17 v1.3a Adjusting TeX boxes (trim, clip, ...)
 adjcalc.sty    2012/05/16 v1.1 Provides advanced setlength with multiple back-ends (calc, etex, pgfmath)
trimclip.sty    2020/08/19 v1.2 Trim and clip general TeX material
collectbox.sty    2022/10/17 v0.4c Collect macro arguments as boxes
tc-xetex.def    2019/01/04 v2.2 Clipping driver for xetex
ifoddpage.sty    2022/10/18 v1.2 Conditionals for odd/even page detection
varwidth.sty    2009/03/30 ver 0.92;  Variable-width minipages
  ts1cmr.fd    2023/04/13 v2.5m Standard LaTeX font definitions
 english.lbx    2024/03/21 v3.20 biblatex localization (PK/MW)
    main.bbl
pdflscape.sty    2022-10-27 v0.13 Display of landscape pages in PDF
pdflscape-nometadata.sty    2022-10-28 v0.13 Display of landscape pages in PDF (HO)
  lscape.sty    2020/05/28 v3.02 Landscape Pages (DPC)
translations-basic-dictionary-english.trsl    (english translation file `translations-basic-dictionary')
inputenc.sty    2021/02/14 v1.3d Input encoding file
./macros_document.tex
    main.out
    main.out
    main.sta
chapters/titlepage.tex
    umsa.fd    2013/01/14 v3.01 AMS symbols A
    umsb.fd    2013/01/14 v3.01 AMS symbols B
chapters/abstract_zh.tex
chapters/abstract_en.tex
chapters/acknowledgements.tex
chapters/chapter1_introduction.tex
chapters/chapter2_background_and_related_work.tex
chapters/chapter3_method.tex
./figures/fig-system-structure-overview.png
chapters/chapter4_experiment_and_result.tex
chapters/chapter5_conclusion.tex
chapters/bibliography.tex
 ***********


LaTeX Font Warning: Size substitutions with differences
(Font)              up to 1.28pt have occurred.

Package rerunfilecheck Info: File `main.out' has not changed.
(rerunfilecheck)             Checksum: 16E7FAD712AD38881CAD15217CB16269;5166.
Package logreq Info: Writing requests to 'main.run.xml'.
\openout1 = `main.run.xml'.

 ) 
Here is how much of TeX's memory you used:
 46169 strings out of 409554
 1000954 string characters out of 5772382
 1945148 words of memory out of 5000000
 67643 multiletter control sequences out of 15000+600000
 569765 words of font info for 135 fonts, out of 8000000 for 9000
 1348 hyphenation exceptions out of 8191
 131i,12n,135p,1237b,4939s stack positions out of 10000i,1000n,20000p,200000b,200000s

Output written on main.xdv (26 pages, 270852 bytes).
