\standalonepreambles
\subpreamble{chapters/titlepage.tex}

\endsubpreamble
\subpreamble{chapters/abstract_zh.tex}

\endsubpreamble
\subpreamble{chapters/abstract_en.tex}

\endsubpreamble
\subpreamble{chapters/acknowledgements.tex}

\endsubpreamble
\subpreamble{chapters/chapter1_introduction.tex}

\endsubpreamble
\subpreamble{chapters/chapter2_background_and_related_work.tex}

\endsubpreamble
\subpreamble{chapters/chapter3_method.tex}

\endsubpreamble
\subpreamble{chapters/chapter4_experiment_and_result.tex}

\endsubpreamble
\subpreamble{chapters/chapter5_conclusion.tex}

\endsubpreamble
\subpreamble{chapters/bibliography.tex}

\endsubpreamble
\endstandalonepreambles
