\BOOKMARK [0][-]{chapter*.1}{\376\377\144\130\211\201}{}% 1
\BOOKMARK [0][-]{chapter*.2}{\376\377\000A\000b\000s\000t\000r\000a\000c\000t}{}% 2
\BOOKMARK [0][-]{chapter*.3}{\376\377\212\214\213\035}{}% 3
\BOOKMARK [0][-]{section*.4}{\376\377\166\356\223\004}{}% 4
\BOOKMARK [0][-]{chapter.1}{\376\377\175\322\212\326}{}% 5
\BOOKMARK [1][-]{section.1.1}{\376\377\170\024\172\166\122\325\152\137}{chapter.1}% 6
\BOOKMARK [1][-]{section.1.2}{\376\377\170\024\172\166\166\356\166\204}{chapter.1}% 7
\BOOKMARK [1][-]{section.1.3}{\376\377\212\326\145\207\147\266\151\313}{chapter.1}% 8
\BOOKMARK [0][-]{chapter.2}{\376\377\200\314\146\157\167\345\213\130\116\345\123\312\145\207\163\173\126\336\230\147}{}% 9
\BOOKMARK [1][-]{section.2.1}{\376\377\200\314\146\157\167\345\213\130}{chapter.2}% 10
\BOOKMARK [2][-]{subsection.2.1.1}{\376\377\134\017\143\320\164\064\202\007\222\374\164\064\166\204\157\024\131\117\162\171\140\047}{section.2.1}% 11
\BOOKMARK [2][-]{subsection.2.1.2}{\376\377\134\017\143\320\164\064\202\007\222\374\164\064\166\204\227\363\202\162\122\006\147\220}{section.2.1}% 12
\BOOKMARK [1][-]{section.2.2}{\376\377\145\207\163\173\126\336\230\147}{chapter.2}% 13
\BOOKMARK [2][-]{subsection.2.2.1}{\376\377\227\363\156\220\122\006\226\342\166\370\225\334\170\024\172\166}{section.2.2}% 14
\BOOKMARK [2][-]{subsection.2.2.2}{\376\377\227\363\152\002\217\375\216\144\166\370\225\334\170\024\172\166}{section.2.2}% 15
\BOOKMARK [0][-]{chapter.3}{\376\377\170\024\172\166\145\271\154\325}{}% 16
\BOOKMARK [1][-]{section.3.1}{\376\377\174\373\175\161\147\266\151\313}{chapter.3}% 17
\BOOKMARK [1][-]{section.3.2}{\376\377\227\363\156\220\122\006\226\342\152\041\175\104}{chapter.3}% 18
\BOOKMARK [2][-]{subsection.3.2.1}{\376\377\000B\000a\000n\000d\000-\000s\000p\000l\000i\000t\000\040\000R\000N\000N}{section.3.2}% 19
\BOOKMARK [2][-]{subsection.3.2.2}{\376\377\214\307\145\231\122\115\206\125\164\006\377\032\230\073\136\066\122\007\122\162\166\204\220\170\144\307}{section.3.2}% 20
\BOOKMARK [2][-]{subsection.3.2.3}{\376\377\214\307\145\231\137\214\206\125\164\006\377\032\117\177\165\050\000M\000I\000D\000I\214\307\212\012\157\376\226\144\226\334\212\012}{section.3.2}% 21
\BOOKMARK [1][-]{section.3.3}{\376\377\227\363\152\002\217\375\216\144\152\041\175\104}{chapter.3}% 22
\BOOKMARK [2][-]{subsection.3.3.1}{\376\377\000D\000y\000n\000a\000m\000i\000c\000\040\000T\000i\000m\000e\000\040\000W\000a\000r\000p\000i\000n\000g\000\040\000A\000l\000g\000o\000r\000i\000t\000h\000m}{section.3.3}% 23
\BOOKMARK [2][-]{subsection.3.3.2}{\376\377\000O\000n\000l\000i\000n\000e\000\040\000D\000y\000n\000a\000m\000i\000c\000\040\000T\000i\000m\000e\000\040\000W\000a\000r\000p\000i\000n\000g\000\040\000A\000l\000g\000o\000r\000i\000t\000h\000m}{section.3.3}% 24
\BOOKMARK [2][-]{subsection.3.3.3}{\376\377\000G\000r\000e\000e\000d\000y\000\040\000B\000a\000c\000k\000w\000a\000r\000d\000\040\000A\000l\000i\000g\000n\000m\000e\000n\000t\000\040\000M\000e\000t\000h\000o\000d}{section.3.3}% 25
\BOOKMARK [2][-]{subsection.3.3.4}{\376\377\000D\000a\000t\000a\000\040\000M\000a\000n\000a\000g\000e\000r\000\040\227\363\212\012\166\204\162\171\137\265\144\367\123\326}{section.3.3}% 26
\BOOKMARK [2][-]{subsection.3.3.5}{\376\377\000M\000u\000s\000i\000c\000\040\000D\000e\000t\000e\000c\000t\000o\000r\000\040\000B\000l\000o\000c\000k}{section.3.3}% 27
\BOOKMARK [2][-]{subsection.3.3.6}{\376\377\000R\000o\000u\000g\000h\000\040\000E\000s\000t\000i\000m\000a\000t\000o\000r\000\040\000B\000l\000o\000c\000k}{section.3.3}% 28
\BOOKMARK [2][-]{subsection.3.3.7}{\376\377\000D\000e\000c\000i\000s\000i\000o\000n\000\040\000M\000a\000k\000e\000r\000\040\000B\000l\000o\000c\000k}{section.3.3}% 29
\BOOKMARK [0][-]{chapter.4}{\376\377\133\346\232\127\212\055\212\010\202\007\175\120\147\234}{}% 30
\BOOKMARK [1][-]{section.4.1}{\376\377\227\363\156\220\122\006\226\342\212\125\117\060}{chapter.4}% 31
\BOOKMARK [2][-]{subsection.4.1.1}{\376\377\227\363\156\220\122\006\226\342\214\307\145\231\226\306}{section.4.1}% 32
\BOOKMARK [2][-]{subsection.4.1.2}{\376\377\227\363\156\220\122\006\226\342\175\120\147\234\153\324\217\003}{section.4.1}% 33
\BOOKMARK [2][-]{subsection.4.1.3}{\376\377\230\073\136\066\122\007\122\162\134\015\145\274\122\006\226\342\175\120\147\234\166\204\137\161\227\377}{section.4.1}% 34
\BOOKMARK [1][-]{section.4.2}{\376\377\227\363\152\002\217\375\216\144\212\125\117\060}{chapter.4}% 35
\BOOKMARK [2][-]{subsection.4.2.1}{\376\377\116\015\124\014\220\037\136\246\116\013\166\204\217\375\216\144\175\120\147\234}{section.4.2}% 36
\BOOKMARK [2][-]{subsection.4.2.2}{\376\377\117\177\165\050\227\363\156\220\122\006\226\342\116\113\227\363\212\012\120\132\160\272\123\303\200\003\166\204\217\375\216\144\175\120\147\234}{section.4.2}% 37
\BOOKMARK [2][-]{subsection.4.2.3}{\376\377\116\015\124\014\174\373\175\161\123\303\145\170\212\055\133\232\116\013\166\204\217\375\216\144\175\120\147\234}{section.4.2}% 38
\BOOKMARK [0][-]{chapter.5}{\376\377\176\075\175\120}{}% 39
\BOOKMARK [1][-]{section.5.1}{\376\377\147\052\117\206\134\125\147\033}{chapter.5}% 40
\BOOKMARK [0][-]{chapter*.12}{\376\377\123\303\200\003\145\207\163\173}{}% 41
